<?xml version="1.0" encoding="utf-8"?>
<testsuites time="1.596" tests="27" failures="16">
  <testsuite id="0" name="/home/mariana/codenation/csharp-10/Source.TestSubmission/bin/Debug/netcoreapp2.2/Source.TestSubmission.dll" tests="27" failures="16" time="1.596">
    <testcase classname="Codenation.Challenge.AuthenticationTest" name="Codenation.Challenge.AuthenticationTest.Should_Non_Admin_User_Be_Not_Authorized_On_Route_User(userId: 3)" time="0.5760000">
      <error message="System.AggregateException : One or more errors occurred. (LocalDB is not supported on this platform.)&#xA;---- System.PlatformNotSupportedException : LocalDB is not supported on this platform.">   at System.Threading.Tasks.Task`1.GetResultCore(Boolean waitCompletionNotification)
   at Codenation.Challenge.AuthenticationTest.GetToken(String email, String password) in /home/mariana/codenation/csharp-10/Source.TestSubmission/AuthenticationTest.cs:line 60
   at Codenation.Challenge.AuthenticationTest.Should_Non_Admin_User_Be_Not_Authorized_On_Route_User(Int32 userId) in /home/mariana/codenation/csharp-10/Source.TestSubmission/AuthenticationTest.cs:line 170
----- Inner Stack Trace -----
   at System.Data.SqlClient.SNI.LocalDB.GetLocalDBConnectionString(String localDbInstance)
   at System.Data.SqlClient.SNI.SNIProxy.GetLocalDBDataSource(String fullServerName, Boolean&amp; error)
   at System.Data.SqlClient.SNI.SNIProxy.CreateConnectionHandle(Object callbackObject, String fullServerName, Boolean ignoreSniOpenTimeout, Int64 timerExpire, Byte[]&amp; instanceName, Byte[]&amp; spnBuffer, Boolean flushCache, Boolean async, Boolean parallel, Boolean isIntegratedSecurity)
   at System.Data.SqlClient.SNI.TdsParserStateObjectManaged.CreatePhysicalSNIHandle(String serverName, Boolean ignoreSniOpenTimeout, Int64 timerExpire, Byte[]&amp; instanceName, Byte[]&amp; spnBuffer, Boolean flushCache, Boolean async, Boolean parallel, Boolean isIntegratedSecurity)
   at System.Data.SqlClient.TdsParser.Connect(ServerInfo serverInfo, SqlInternalConnectionTds connHandler, Boolean ignoreSniOpenTimeout, Int64 timerExpire, Boolean encrypt, Boolean trustServerCert, Boolean integratedSecurity, Boolean withFailover)
   at System.Data.SqlClient.SqlInternalConnectionTds.AttemptOneLogin(ServerInfo serverInfo, String newPassword, SecureString newSecurePassword, Boolean ignoreSniOpenTimeout, TimeoutTimer timeout, Boolean withFailover)
   at System.Data.SqlClient.SqlInternalConnectionTds.LoginNoFailover(ServerInfo serverInfo, String newPassword, SecureString newSecurePassword, Boolean redirectedUserInstance, SqlConnectionString connectionOptions, SqlCredential credential, TimeoutTimer timeout)
   at System.Data.SqlClient.SqlInternalConnectionTds.OpenLoginEnlist(TimeoutTimer timeout, SqlConnectionString connectionOptions, SqlCredential credential, String newPassword, SecureString newSecurePassword, Boolean redirectedUserInstance)
   at System.Data.SqlClient.SqlInternalConnectionTds..ctor(DbConnectionPoolIdentity identity, SqlConnectionString connectionOptions, SqlCredential credential, Object providerInfo, String newPassword, SecureString newSecurePassword, Boolean redirectedUserInstance, SqlConnectionString userConnectionOptions, SessionData reconnectSessionData, Boolean applyTransientFaultHandling, String accessToken)
   at System.Data.SqlClient.SqlConnectionFactory.CreateConnection(DbConnectionOptions options, DbConnectionPoolKey poolKey, Object poolGroupProviderInfo, DbConnectionPool pool, DbConnection owningConnection, DbConnectionOptions userOptions)
   at System.Data.ProviderBase.DbConnectionFactory.CreatePooledConnection(DbConnectionPool pool, DbConnection owningObject, DbConnectionOptions options, DbConnectionPoolKey poolKey, DbConnectionOptions userOptions)
   at System.Data.ProviderBase.DbConnectionPool.CreateObject(DbConnection owningObject, DbConnectionOptions userOptions, DbConnectionInternal oldConnection)
   at System.Data.ProviderBase.DbConnectionPool.UserCreateRequest(DbConnection owningObject, DbConnectionOptions userOptions, DbConnectionInternal oldConnection)
   at System.Data.ProviderBase.DbConnectionPool.TryGetConnection(DbConnection owningObject, UInt32 waitForMultipleObjectsTimeout, Boolean allowCreate, Boolean onlyOneCheckConnection, DbConnectionOptions userOptions, DbConnectionInternal&amp; connection)
   at System.Data.ProviderBase.DbConnectionPool.WaitForPendingOpen()
--- End of stack trace from previous location where exception was thrown ---
   at Microsoft.EntityFrameworkCore.Storage.RelationalConnection.OpenDbConnectionAsync(Boolean errorsExpected, CancellationToken cancellationToken)
   at Microsoft.EntityFrameworkCore.Storage.RelationalConnection.OpenAsync(CancellationToken cancellationToken, Boolean errorsExpected)
   at Microsoft.EntityFrameworkCore.Query.Internal.AsyncQueryingEnumerable`1.AsyncEnumerator.BufferlessMoveNext(DbContext _, Boolean buffer, CancellationToken cancellationToken)
   at Microsoft.EntityFrameworkCore.SqlServer.Storage.Internal.SqlServerExecutionStrategy.ExecuteAsync[TState,TResult](TState state, Func`4 operation, Func`4 verifySucceeded, CancellationToken cancellationToken)
   at Microsoft.EntityFrameworkCore.Query.Internal.AsyncQueryingEnumerable`1.AsyncEnumerator.MoveNext(CancellationToken cancellationToken)
   at System.Linq.AsyncEnumerable.FirstOrDefault_[TSource](IAsyncEnumerable`1 source, CancellationToken cancellationToken) in D:\a\1\s\Ix.NET\Source\System.Interactive.Async\First.cs:line 144
   at Microsoft.EntityFrameworkCore.Query.Internal.AsyncLinqOperatorProvider.TaskResultAsyncEnumerable`1.Enumerator.MoveNext(CancellationToken cancellationToken)
   at System.Linq.AsyncEnumerable.SelectEnumerableAsyncIterator`2.MoveNextCore(CancellationToken cancellationToken) in D:\a\1\s\Ix.NET\Source\System.Interactive.Async\Select.cs:line 106
   at System.Linq.AsyncEnumerable.AsyncIterator`1.MoveNext(CancellationToken cancellationToken) in D:\a\1\s\Ix.NET\Source\System.Interactive.Async\AsyncIterator.cs:line 98
   at Microsoft.EntityFrameworkCore.Query.Internal.AsyncLinqOperatorProvider.ExceptionInterceptor`1.EnumeratorExceptionInterceptor.MoveNext(CancellationToken cancellationToken)
   at Microsoft.EntityFrameworkCore.Query.Internal.QueryCompiler.ExecuteSingletonAsyncQuery[TResult](QueryContext queryContext, Func`2 compiledQuery, IDiagnosticsLogger`1 logger, Type contextType)
   at Codenation.Challenge.Services.PasswordValidatorService.ValidateAsync(ResourceOwnerPasswordValidationContext context) in /home/mariana/codenation/csharp-10/Source/Services/PasswordValidatorService.cs:line 23
   at IdentityServer4.Validation.TokenRequestValidator.ValidateResourceOwnerCredentialRequestAsync(NameValueCollection parameters) in C:\local\identity\server4\IdentityServer4\src\IdentityServer4\src\Validation\Default\TokenRequestValidator.cs:line 416
   at IdentityServer4.Validation.TokenRequestValidator.RunValidationAsync(Func`2 validationFunc, NameValueCollection parameters) in C:\local\identity\server4\IdentityServer4\src\IdentityServer4\src\Validation\Default\TokenRequestValidator.cs:line 151
   at IdentityServer4.Validation.TokenRequestValidator.ValidateRequestAsync(NameValueCollection parameters, ClientSecretValidationResult clientValidationResult) in C:\local\identity\server4\IdentityServer4\src\IdentityServer4\src\Validation\Default\TokenRequestValidator.cs:line 138
   at IdentityServer4.Endpoints.TokenEndpoint.ProcessTokenRequestAsync(HttpContext context) in C:\local\identity\server4\IdentityServer4\src\IdentityServer4\src\Endpoints\TokenEndpoint.cs:line 88
   at IdentityServer4.Endpoints.TokenEndpoint.ProcessAsync(HttpContext context) in C:\local\identity\server4\IdentityServer4\src\IdentityServer4\src\Endpoints\TokenEndpoint.cs:line 70
   at IdentityServer4.Hosting.IdentityServerMiddleware.Invoke(HttpContext context, IEndpointRouter router, IUserSession session, IEventService events) in C:\local\identity\server4\IdentityServer4\src\IdentityServer4\src\Hosting\IdentityServerMiddleware.cs:line 54
   at IdentityServer4.Hosting.IdentityServerMiddleware.Invoke(HttpContext context, IEndpointRouter router, IUserSession session, IEventService events) in C:\local\identity\server4\IdentityServer4\src\IdentityServer4\src\Hosting\IdentityServerMiddleware.cs:line 69
   at IdentityServer4.Hosting.MutualTlsTokenEndpointMiddleware.Invoke(HttpContext context, IAuthenticationSchemeProvider schemes) in C:\local\identity\server4\IdentityServer4\src\IdentityServer4\src\Hosting\MtlsTokenEndpointMiddleware.cs:line 60
   at Microsoft.AspNetCore.Authentication.AuthenticationMiddleware.Invoke(HttpContext context)
   at IdentityServer4.Hosting.BaseUrlMiddleware.Invoke(HttpContext context) in C:\local\identity\server4\IdentityServer4\src\IdentityServer4\src\Hosting\BaseUrlMiddleware.cs:line 36
   at Microsoft.AspNetCore.TestHost.HttpContextBuilder.&lt;&gt;c__DisplayClass10_0.&lt;&lt;SendAsync&gt;b__0&gt;d.MoveNext()
--- End of stack trace from previous location where exception was thrown ---
   at Microsoft.AspNetCore.TestHost.ClientHandler.SendAsync(HttpRequestMessage request, CancellationToken cancellationToken)
   at System.Net.Http.HttpClient.FinishSendAsyncBuffered(Task`1 sendTask, HttpRequestMessage request, CancellationTokenSource cts, Boolean disposeCts)</error>
    </testcase>
    <testcase classname="Codenation.Challenge.AuthenticationTest" name="Codenation.Challenge.AuthenticationTest.Should_Non_Admin_User_Be_Not_Authorized_On_Route_User(userId: 5)" time="0.0420000">
      <error message="System.AggregateException : One or more errors occurred. (LocalDB is not supported on this platform.)&#xA;---- System.PlatformNotSupportedException : LocalDB is not supported on this platform.">   at System.Threading.Tasks.Task`1.GetResultCore(Boolean waitCompletionNotification)
   at Codenation.Challenge.AuthenticationTest.GetToken(String email, String password) in /home/mariana/codenation/csharp-10/Source.TestSubmission/AuthenticationTest.cs:line 60
   at Codenation.Challenge.AuthenticationTest.Should_Non_Admin_User_Be_Not_Authorized_On_Route_User(Int32 userId) in /home/mariana/codenation/csharp-10/Source.TestSubmission/AuthenticationTest.cs:line 170
----- Inner Stack Trace -----
   at System.Data.ProviderBase.DbConnectionPool.TryGetConnection(DbConnection owningObject, UInt32 waitForMultipleObjectsTimeout, Boolean allowCreate, Boolean onlyOneCheckConnection, DbConnectionOptions userOptions, DbConnectionInternal&amp; connection)
   at System.Data.ProviderBase.DbConnectionPool.TryGetConnection(DbConnection owningObject, TaskCompletionSource`1 retry, DbConnectionOptions userOptions, DbConnectionInternal&amp; connection)
   at System.Data.ProviderBase.DbConnectionFactory.TryGetConnection(DbConnection owningConnection, TaskCompletionSource`1 retry, DbConnectionOptions userOptions, DbConnectionInternal oldConnection, DbConnectionInternal&amp; connection)
   at System.Data.ProviderBase.DbConnectionInternal.TryOpenConnectionInternal(DbConnection outerConnection, DbConnectionFactory connectionFactory, TaskCompletionSource`1 retry, DbConnectionOptions userOptions)
   at System.Data.ProviderBase.DbConnectionClosed.TryOpenConnection(DbConnection outerConnection, DbConnectionFactory connectionFactory, TaskCompletionSource`1 retry, DbConnectionOptions userOptions)
   at System.Data.SqlClient.SqlConnection.TryOpen(TaskCompletionSource`1 retry)
   at System.Data.SqlClient.SqlConnection.OpenAsync(CancellationToken cancellationToken)
--- End of stack trace from previous location where exception was thrown ---
   at Microsoft.EntityFrameworkCore.Storage.RelationalConnection.OpenDbConnectionAsync(Boolean errorsExpected, CancellationToken cancellationToken)
   at Microsoft.EntityFrameworkCore.Storage.RelationalConnection.OpenAsync(CancellationToken cancellationToken, Boolean errorsExpected)
   at Microsoft.EntityFrameworkCore.Query.Internal.AsyncQueryingEnumerable`1.AsyncEnumerator.BufferlessMoveNext(DbContext _, Boolean buffer, CancellationToken cancellationToken)
   at Microsoft.EntityFrameworkCore.SqlServer.Storage.Internal.SqlServerExecutionStrategy.ExecuteAsync[TState,TResult](TState state, Func`4 operation, Func`4 verifySucceeded, CancellationToken cancellationToken)
   at Microsoft.EntityFrameworkCore.Query.Internal.AsyncQueryingEnumerable`1.AsyncEnumerator.MoveNext(CancellationToken cancellationToken)
   at System.Linq.AsyncEnumerable.FirstOrDefault_[TSource](IAsyncEnumerable`1 source, CancellationToken cancellationToken) in D:\a\1\s\Ix.NET\Source\System.Interactive.Async\First.cs:line 144
   at Microsoft.EntityFrameworkCore.Query.Internal.AsyncLinqOperatorProvider.TaskResultAsyncEnumerable`1.Enumerator.MoveNext(CancellationToken cancellationToken)
   at System.Linq.AsyncEnumerable.SelectEnumerableAsyncIterator`2.MoveNextCore(CancellationToken cancellationToken) in D:\a\1\s\Ix.NET\Source\System.Interactive.Async\Select.cs:line 106
   at System.Linq.AsyncEnumerable.AsyncIterator`1.MoveNext(CancellationToken cancellationToken) in D:\a\1\s\Ix.NET\Source\System.Interactive.Async\AsyncIterator.cs:line 98
   at Microsoft.EntityFrameworkCore.Query.Internal.AsyncLinqOperatorProvider.ExceptionInterceptor`1.EnumeratorExceptionInterceptor.MoveNext(CancellationToken cancellationToken)
   at Microsoft.EntityFrameworkCore.Query.Internal.QueryCompiler.ExecuteSingletonAsyncQuery[TResult](QueryContext queryContext, Func`2 compiledQuery, IDiagnosticsLogger`1 logger, Type contextType)
   at Codenation.Challenge.Services.PasswordValidatorService.ValidateAsync(ResourceOwnerPasswordValidationContext context) in /home/mariana/codenation/csharp-10/Source/Services/PasswordValidatorService.cs:line 23
   at IdentityServer4.Validation.TokenRequestValidator.ValidateResourceOwnerCredentialRequestAsync(NameValueCollection parameters) in C:\local\identity\server4\IdentityServer4\src\IdentityServer4\src\Validation\Default\TokenRequestValidator.cs:line 416
   at IdentityServer4.Validation.TokenRequestValidator.RunValidationAsync(Func`2 validationFunc, NameValueCollection parameters) in C:\local\identity\server4\IdentityServer4\src\IdentityServer4\src\Validation\Default\TokenRequestValidator.cs:line 151
   at IdentityServer4.Validation.TokenRequestValidator.ValidateRequestAsync(NameValueCollection parameters, ClientSecretValidationResult clientValidationResult) in C:\local\identity\server4\IdentityServer4\src\IdentityServer4\src\Validation\Default\TokenRequestValidator.cs:line 138
   at IdentityServer4.Endpoints.TokenEndpoint.ProcessTokenRequestAsync(HttpContext context) in C:\local\identity\server4\IdentityServer4\src\IdentityServer4\src\Endpoints\TokenEndpoint.cs:line 88
   at IdentityServer4.Endpoints.TokenEndpoint.ProcessAsync(HttpContext context) in C:\local\identity\server4\IdentityServer4\src\IdentityServer4\src\Endpoints\TokenEndpoint.cs:line 70
   at IdentityServer4.Hosting.IdentityServerMiddleware.Invoke(HttpContext context, IEndpointRouter router, IUserSession session, IEventService events) in C:\local\identity\server4\IdentityServer4\src\IdentityServer4\src\Hosting\IdentityServerMiddleware.cs:line 54
   at IdentityServer4.Hosting.IdentityServerMiddleware.Invoke(HttpContext context, IEndpointRouter router, IUserSession session, IEventService events) in C:\local\identity\server4\IdentityServer4\src\IdentityServer4\src\Hosting\IdentityServerMiddleware.cs:line 69
   at IdentityServer4.Hosting.MutualTlsTokenEndpointMiddleware.Invoke(HttpContext context, IAuthenticationSchemeProvider schemes) in C:\local\identity\server4\IdentityServer4\src\IdentityServer4\src\Hosting\MtlsTokenEndpointMiddleware.cs:line 60
   at Microsoft.AspNetCore.Authentication.AuthenticationMiddleware.Invoke(HttpContext context)
   at IdentityServer4.Hosting.BaseUrlMiddleware.Invoke(HttpContext context) in C:\local\identity\server4\IdentityServer4\src\IdentityServer4\src\Hosting\BaseUrlMiddleware.cs:line 36
   at Microsoft.AspNetCore.TestHost.HttpContextBuilder.&lt;&gt;c__DisplayClass10_0.&lt;&lt;SendAsync&gt;b__0&gt;d.MoveNext()
--- End of stack trace from previous location where exception was thrown ---
   at Microsoft.AspNetCore.TestHost.ClientHandler.SendAsync(HttpRequestMessage request, CancellationToken cancellationToken)
   at System.Net.Http.HttpClient.FinishSendAsyncBuffered(Task`1 sendTask, HttpRequestMessage request, CancellationTokenSource cts, Boolean disposeCts)</error>
    </testcase>
    <testcase classname="Codenation.Challenge.AuthenticationTest" name="Codenation.Challenge.AuthenticationTest.Should_Non_Admin_User_Be_Not_Authorized_On_Route_User(userId: 1)" time="0.0460000">
      <error message="System.AggregateException : One or more errors occurred. (LocalDB is not supported on this platform.)&#xA;---- System.PlatformNotSupportedException : LocalDB is not supported on this platform.">   at System.Threading.Tasks.Task`1.GetResultCore(Boolean waitCompletionNotification)
   at Codenation.Challenge.AuthenticationTest.GetToken(String email, String password) in /home/mariana/codenation/csharp-10/Source.TestSubmission/AuthenticationTest.cs:line 60
   at Codenation.Challenge.AuthenticationTest.Should_Non_Admin_User_Be_Not_Authorized_On_Route_User(Int32 userId) in /home/mariana/codenation/csharp-10/Source.TestSubmission/AuthenticationTest.cs:line 170
----- Inner Stack Trace -----
   at System.Data.ProviderBase.DbConnectionPool.TryGetConnection(DbConnection owningObject, UInt32 waitForMultipleObjectsTimeout, Boolean allowCreate, Boolean onlyOneCheckConnection, DbConnectionOptions userOptions, DbConnectionInternal&amp; connection)
   at System.Data.ProviderBase.DbConnectionPool.TryGetConnection(DbConnection owningObject, TaskCompletionSource`1 retry, DbConnectionOptions userOptions, DbConnectionInternal&amp; connection)
   at System.Data.ProviderBase.DbConnectionFactory.TryGetConnection(DbConnection owningConnection, TaskCompletionSource`1 retry, DbConnectionOptions userOptions, DbConnectionInternal oldConnection, DbConnectionInternal&amp; connection)
   at System.Data.ProviderBase.DbConnectionInternal.TryOpenConnectionInternal(DbConnection outerConnection, DbConnectionFactory connectionFactory, TaskCompletionSource`1 retry, DbConnectionOptions userOptions)
   at System.Data.ProviderBase.DbConnectionClosed.TryOpenConnection(DbConnection outerConnection, DbConnectionFactory connectionFactory, TaskCompletionSource`1 retry, DbConnectionOptions userOptions)
   at System.Data.SqlClient.SqlConnection.TryOpen(TaskCompletionSource`1 retry)
   at System.Data.SqlClient.SqlConnection.OpenAsync(CancellationToken cancellationToken)
--- End of stack trace from previous location where exception was thrown ---
   at Microsoft.EntityFrameworkCore.Storage.RelationalConnection.OpenDbConnectionAsync(Boolean errorsExpected, CancellationToken cancellationToken)
   at Microsoft.EntityFrameworkCore.Storage.RelationalConnection.OpenAsync(CancellationToken cancellationToken, Boolean errorsExpected)
   at Microsoft.EntityFrameworkCore.Query.Internal.AsyncQueryingEnumerable`1.AsyncEnumerator.BufferlessMoveNext(DbContext _, Boolean buffer, CancellationToken cancellationToken)
   at Microsoft.EntityFrameworkCore.SqlServer.Storage.Internal.SqlServerExecutionStrategy.ExecuteAsync[TState,TResult](TState state, Func`4 operation, Func`4 verifySucceeded, CancellationToken cancellationToken)
   at Microsoft.EntityFrameworkCore.Query.Internal.AsyncQueryingEnumerable`1.AsyncEnumerator.MoveNext(CancellationToken cancellationToken)
   at System.Linq.AsyncEnumerable.FirstOrDefault_[TSource](IAsyncEnumerable`1 source, CancellationToken cancellationToken) in D:\a\1\s\Ix.NET\Source\System.Interactive.Async\First.cs:line 144
   at Microsoft.EntityFrameworkCore.Query.Internal.AsyncLinqOperatorProvider.TaskResultAsyncEnumerable`1.Enumerator.MoveNext(CancellationToken cancellationToken)
   at System.Linq.AsyncEnumerable.SelectEnumerableAsyncIterator`2.MoveNextCore(CancellationToken cancellationToken) in D:\a\1\s\Ix.NET\Source\System.Interactive.Async\Select.cs:line 106
   at System.Linq.AsyncEnumerable.AsyncIterator`1.MoveNext(CancellationToken cancellationToken) in D:\a\1\s\Ix.NET\Source\System.Interactive.Async\AsyncIterator.cs:line 98
   at Microsoft.EntityFrameworkCore.Query.Internal.AsyncLinqOperatorProvider.ExceptionInterceptor`1.EnumeratorExceptionInterceptor.MoveNext(CancellationToken cancellationToken)
   at Microsoft.EntityFrameworkCore.Query.Internal.QueryCompiler.ExecuteSingletonAsyncQuery[TResult](QueryContext queryContext, Func`2 compiledQuery, IDiagnosticsLogger`1 logger, Type contextType)
   at Codenation.Challenge.Services.PasswordValidatorService.ValidateAsync(ResourceOwnerPasswordValidationContext context) in /home/mariana/codenation/csharp-10/Source/Services/PasswordValidatorService.cs:line 23
   at IdentityServer4.Validation.TokenRequestValidator.ValidateResourceOwnerCredentialRequestAsync(NameValueCollection parameters) in C:\local\identity\server4\IdentityServer4\src\IdentityServer4\src\Validation\Default\TokenRequestValidator.cs:line 416
   at IdentityServer4.Validation.TokenRequestValidator.RunValidationAsync(Func`2 validationFunc, NameValueCollection parameters) in C:\local\identity\server4\IdentityServer4\src\IdentityServer4\src\Validation\Default\TokenRequestValidator.cs:line 151
   at IdentityServer4.Validation.TokenRequestValidator.ValidateRequestAsync(NameValueCollection parameters, ClientSecretValidationResult clientValidationResult) in C:\local\identity\server4\IdentityServer4\src\IdentityServer4\src\Validation\Default\TokenRequestValidator.cs:line 138
   at IdentityServer4.Endpoints.TokenEndpoint.ProcessTokenRequestAsync(HttpContext context) in C:\local\identity\server4\IdentityServer4\src\IdentityServer4\src\Endpoints\TokenEndpoint.cs:line 88
   at IdentityServer4.Endpoints.TokenEndpoint.ProcessAsync(HttpContext context) in C:\local\identity\server4\IdentityServer4\src\IdentityServer4\src\Endpoints\TokenEndpoint.cs:line 70
   at IdentityServer4.Hosting.IdentityServerMiddleware.Invoke(HttpContext context, IEndpointRouter router, IUserSession session, IEventService events) in C:\local\identity\server4\IdentityServer4\src\IdentityServer4\src\Hosting\IdentityServerMiddleware.cs:line 54
   at IdentityServer4.Hosting.IdentityServerMiddleware.Invoke(HttpContext context, IEndpointRouter router, IUserSession session, IEventService events) in C:\local\identity\server4\IdentityServer4\src\IdentityServer4\src\Hosting\IdentityServerMiddleware.cs:line 69
   at IdentityServer4.Hosting.MutualTlsTokenEndpointMiddleware.Invoke(HttpContext context, IAuthenticationSchemeProvider schemes) in C:\local\identity\server4\IdentityServer4\src\IdentityServer4\src\Hosting\MtlsTokenEndpointMiddleware.cs:line 60
   at Microsoft.AspNetCore.Authentication.AuthenticationMiddleware.Invoke(HttpContext context)
   at IdentityServer4.Hosting.BaseUrlMiddleware.Invoke(HttpContext context) in C:\local\identity\server4\IdentityServer4\src\IdentityServer4\src\Hosting\BaseUrlMiddleware.cs:line 36
   at Microsoft.AspNetCore.TestHost.HttpContextBuilder.&lt;&gt;c__DisplayClass10_0.&lt;&lt;SendAsync&gt;b__0&gt;d.MoveNext()
--- End of stack trace from previous location where exception was thrown ---
   at Microsoft.AspNetCore.TestHost.ClientHandler.SendAsync(HttpRequestMessage request, CancellationToken cancellationToken)
   at System.Net.Http.HttpClient.FinishSendAsyncBuffered(Task`1 sendTask, HttpRequestMessage request, CancellationTokenSource cts, Boolean disposeCts)</error>
    </testcase>
    <testcase classname="Codenation.Challenge.AuthenticationTest" name="Codenation.Challenge.AuthenticationTest.Should_Non_Admin_User_Be_Not_Authorized_On_Route_User(userId: 9)" time="0.0410000">
      <error message="System.AggregateException : One or more errors occurred. (LocalDB is not supported on this platform.)&#xA;---- System.PlatformNotSupportedException : LocalDB is not supported on this platform.">   at System.Threading.Tasks.Task`1.GetResultCore(Boolean waitCompletionNotification)
   at Codenation.Challenge.AuthenticationTest.GetToken(String email, String password) in /home/mariana/codenation/csharp-10/Source.TestSubmission/AuthenticationTest.cs:line 60
   at Codenation.Challenge.AuthenticationTest.Should_Non_Admin_User_Be_Not_Authorized_On_Route_User(Int32 userId) in /home/mariana/codenation/csharp-10/Source.TestSubmission/AuthenticationTest.cs:line 170
----- Inner Stack Trace -----
   at System.Data.ProviderBase.DbConnectionPool.TryGetConnection(DbConnection owningObject, UInt32 waitForMultipleObjectsTimeout, Boolean allowCreate, Boolean onlyOneCheckConnection, DbConnectionOptions userOptions, DbConnectionInternal&amp; connection)
   at System.Data.ProviderBase.DbConnectionPool.TryGetConnection(DbConnection owningObject, TaskCompletionSource`1 retry, DbConnectionOptions userOptions, DbConnectionInternal&amp; connection)
   at System.Data.ProviderBase.DbConnectionFactory.TryGetConnection(DbConnection owningConnection, TaskCompletionSource`1 retry, DbConnectionOptions userOptions, DbConnectionInternal oldConnection, DbConnectionInternal&amp; connection)
   at System.Data.ProviderBase.DbConnectionInternal.TryOpenConnectionInternal(DbConnection outerConnection, DbConnectionFactory connectionFactory, TaskCompletionSource`1 retry, DbConnectionOptions userOptions)
   at System.Data.ProviderBase.DbConnectionClosed.TryOpenConnection(DbConnection outerConnection, DbConnectionFactory connectionFactory, TaskCompletionSource`1 retry, DbConnectionOptions userOptions)
   at System.Data.SqlClient.SqlConnection.TryOpen(TaskCompletionSource`1 retry)
   at System.Data.SqlClient.SqlConnection.OpenAsync(CancellationToken cancellationToken)
--- End of stack trace from previous location where exception was thrown ---
   at Microsoft.EntityFrameworkCore.Storage.RelationalConnection.OpenDbConnectionAsync(Boolean errorsExpected, CancellationToken cancellationToken)
   at Microsoft.EntityFrameworkCore.Storage.RelationalConnection.OpenAsync(CancellationToken cancellationToken, Boolean errorsExpected)
   at Microsoft.EntityFrameworkCore.Query.Internal.AsyncQueryingEnumerable`1.AsyncEnumerator.BufferlessMoveNext(DbContext _, Boolean buffer, CancellationToken cancellationToken)
   at Microsoft.EntityFrameworkCore.SqlServer.Storage.Internal.SqlServerExecutionStrategy.ExecuteAsync[TState,TResult](TState state, Func`4 operation, Func`4 verifySucceeded, CancellationToken cancellationToken)
   at Microsoft.EntityFrameworkCore.Query.Internal.AsyncQueryingEnumerable`1.AsyncEnumerator.MoveNext(CancellationToken cancellationToken)
   at System.Linq.AsyncEnumerable.FirstOrDefault_[TSource](IAsyncEnumerable`1 source, CancellationToken cancellationToken) in D:\a\1\s\Ix.NET\Source\System.Interactive.Async\First.cs:line 144
   at Microsoft.EntityFrameworkCore.Query.Internal.AsyncLinqOperatorProvider.TaskResultAsyncEnumerable`1.Enumerator.MoveNext(CancellationToken cancellationToken)
   at System.Linq.AsyncEnumerable.SelectEnumerableAsyncIterator`2.MoveNextCore(CancellationToken cancellationToken) in D:\a\1\s\Ix.NET\Source\System.Interactive.Async\Select.cs:line 106
   at System.Linq.AsyncEnumerable.AsyncIterator`1.MoveNext(CancellationToken cancellationToken) in D:\a\1\s\Ix.NET\Source\System.Interactive.Async\AsyncIterator.cs:line 98
   at Microsoft.EntityFrameworkCore.Query.Internal.AsyncLinqOperatorProvider.ExceptionInterceptor`1.EnumeratorExceptionInterceptor.MoveNext(CancellationToken cancellationToken)
   at Microsoft.EntityFrameworkCore.Query.Internal.QueryCompiler.ExecuteSingletonAsyncQuery[TResult](QueryContext queryContext, Func`2 compiledQuery, IDiagnosticsLogger`1 logger, Type contextType)
   at Codenation.Challenge.Services.PasswordValidatorService.ValidateAsync(ResourceOwnerPasswordValidationContext context) in /home/mariana/codenation/csharp-10/Source/Services/PasswordValidatorService.cs:line 23
   at IdentityServer4.Validation.TokenRequestValidator.ValidateResourceOwnerCredentialRequestAsync(NameValueCollection parameters) in C:\local\identity\server4\IdentityServer4\src\IdentityServer4\src\Validation\Default\TokenRequestValidator.cs:line 416
   at IdentityServer4.Validation.TokenRequestValidator.RunValidationAsync(Func`2 validationFunc, NameValueCollection parameters) in C:\local\identity\server4\IdentityServer4\src\IdentityServer4\src\Validation\Default\TokenRequestValidator.cs:line 151
   at IdentityServer4.Validation.TokenRequestValidator.ValidateRequestAsync(NameValueCollection parameters, ClientSecretValidationResult clientValidationResult) in C:\local\identity\server4\IdentityServer4\src\IdentityServer4\src\Validation\Default\TokenRequestValidator.cs:line 138
   at IdentityServer4.Endpoints.TokenEndpoint.ProcessTokenRequestAsync(HttpContext context) in C:\local\identity\server4\IdentityServer4\src\IdentityServer4\src\Endpoints\TokenEndpoint.cs:line 88
   at IdentityServer4.Endpoints.TokenEndpoint.ProcessAsync(HttpContext context) in C:\local\identity\server4\IdentityServer4\src\IdentityServer4\src\Endpoints\TokenEndpoint.cs:line 70
   at IdentityServer4.Hosting.IdentityServerMiddleware.Invoke(HttpContext context, IEndpointRouter router, IUserSession session, IEventService events) in C:\local\identity\server4\IdentityServer4\src\IdentityServer4\src\Hosting\IdentityServerMiddleware.cs:line 54
   at IdentityServer4.Hosting.IdentityServerMiddleware.Invoke(HttpContext context, IEndpointRouter router, IUserSession session, IEventService events) in C:\local\identity\server4\IdentityServer4\src\IdentityServer4\src\Hosting\IdentityServerMiddleware.cs:line 69
   at IdentityServer4.Hosting.MutualTlsTokenEndpointMiddleware.Invoke(HttpContext context, IAuthenticationSchemeProvider schemes) in C:\local\identity\server4\IdentityServer4\src\IdentityServer4\src\Hosting\MtlsTokenEndpointMiddleware.cs:line 60
   at Microsoft.AspNetCore.Authentication.AuthenticationMiddleware.Invoke(HttpContext context)
   at IdentityServer4.Hosting.BaseUrlMiddleware.Invoke(HttpContext context) in C:\local\identity\server4\IdentityServer4\src\IdentityServer4\src\Hosting\BaseUrlMiddleware.cs:line 36
   at Microsoft.AspNetCore.TestHost.HttpContextBuilder.&lt;&gt;c__DisplayClass10_0.&lt;&lt;SendAsync&gt;b__0&gt;d.MoveNext()
--- End of stack trace from previous location where exception was thrown ---
   at Microsoft.AspNetCore.TestHost.ClientHandler.SendAsync(HttpRequestMessage request, CancellationToken cancellationToken)
   at System.Net.Http.HttpClient.FinishSendAsyncBuffered(Task`1 sendTask, HttpRequestMessage request, CancellationTokenSource cts, Boolean disposeCts)</error>
    </testcase>
    <testcase classname="Codenation.Challenge.AuthenticationTest" name="Codenation.Challenge.AuthenticationTest.Should_Non_Admin_User_Be_Not_Authorized_On_Route_User(userId: 7)" time="0.0400000">
      <error message="System.AggregateException : One or more errors occurred. (LocalDB is not supported on this platform.)&#xA;---- System.PlatformNotSupportedException : LocalDB is not supported on this platform.">   at System.Threading.Tasks.Task`1.GetResultCore(Boolean waitCompletionNotification)
   at Codenation.Challenge.AuthenticationTest.GetToken(String email, String password) in /home/mariana/codenation/csharp-10/Source.TestSubmission/AuthenticationTest.cs:line 60
   at Codenation.Challenge.AuthenticationTest.Should_Non_Admin_User_Be_Not_Authorized_On_Route_User(Int32 userId) in /home/mariana/codenation/csharp-10/Source.TestSubmission/AuthenticationTest.cs:line 170
----- Inner Stack Trace -----
   at System.Data.ProviderBase.DbConnectionPool.TryGetConnection(DbConnection owningObject, UInt32 waitForMultipleObjectsTimeout, Boolean allowCreate, Boolean onlyOneCheckConnection, DbConnectionOptions userOptions, DbConnectionInternal&amp; connection)
   at System.Data.ProviderBase.DbConnectionPool.TryGetConnection(DbConnection owningObject, TaskCompletionSource`1 retry, DbConnectionOptions userOptions, DbConnectionInternal&amp; connection)
   at System.Data.ProviderBase.DbConnectionFactory.TryGetConnection(DbConnection owningConnection, TaskCompletionSource`1 retry, DbConnectionOptions userOptions, DbConnectionInternal oldConnection, DbConnectionInternal&amp; connection)
   at System.Data.ProviderBase.DbConnectionInternal.TryOpenConnectionInternal(DbConnection outerConnection, DbConnectionFactory connectionFactory, TaskCompletionSource`1 retry, DbConnectionOptions userOptions)
   at System.Data.ProviderBase.DbConnectionClosed.TryOpenConnection(DbConnection outerConnection, DbConnectionFactory connectionFactory, TaskCompletionSource`1 retry, DbConnectionOptions userOptions)
   at System.Data.SqlClient.SqlConnection.TryOpen(TaskCompletionSource`1 retry)
   at System.Data.SqlClient.SqlConnection.OpenAsync(CancellationToken cancellationToken)
--- End of stack trace from previous location where exception was thrown ---
   at Microsoft.EntityFrameworkCore.Storage.RelationalConnection.OpenDbConnectionAsync(Boolean errorsExpected, CancellationToken cancellationToken)
   at Microsoft.EntityFrameworkCore.Storage.RelationalConnection.OpenAsync(CancellationToken cancellationToken, Boolean errorsExpected)
   at Microsoft.EntityFrameworkCore.Query.Internal.AsyncQueryingEnumerable`1.AsyncEnumerator.BufferlessMoveNext(DbContext _, Boolean buffer, CancellationToken cancellationToken)
   at Microsoft.EntityFrameworkCore.SqlServer.Storage.Internal.SqlServerExecutionStrategy.ExecuteAsync[TState,TResult](TState state, Func`4 operation, Func`4 verifySucceeded, CancellationToken cancellationToken)
   at Microsoft.EntityFrameworkCore.Query.Internal.AsyncQueryingEnumerable`1.AsyncEnumerator.MoveNext(CancellationToken cancellationToken)
   at System.Linq.AsyncEnumerable.FirstOrDefault_[TSource](IAsyncEnumerable`1 source, CancellationToken cancellationToken) in D:\a\1\s\Ix.NET\Source\System.Interactive.Async\First.cs:line 144
   at Microsoft.EntityFrameworkCore.Query.Internal.AsyncLinqOperatorProvider.TaskResultAsyncEnumerable`1.Enumerator.MoveNext(CancellationToken cancellationToken)
   at System.Linq.AsyncEnumerable.SelectEnumerableAsyncIterator`2.MoveNextCore(CancellationToken cancellationToken) in D:\a\1\s\Ix.NET\Source\System.Interactive.Async\Select.cs:line 106
   at System.Linq.AsyncEnumerable.AsyncIterator`1.MoveNext(CancellationToken cancellationToken) in D:\a\1\s\Ix.NET\Source\System.Interactive.Async\AsyncIterator.cs:line 98
   at Microsoft.EntityFrameworkCore.Query.Internal.AsyncLinqOperatorProvider.ExceptionInterceptor`1.EnumeratorExceptionInterceptor.MoveNext(CancellationToken cancellationToken)
   at Microsoft.EntityFrameworkCore.Query.Internal.QueryCompiler.ExecuteSingletonAsyncQuery[TResult](QueryContext queryContext, Func`2 compiledQuery, IDiagnosticsLogger`1 logger, Type contextType)
   at Codenation.Challenge.Services.PasswordValidatorService.ValidateAsync(ResourceOwnerPasswordValidationContext context) in /home/mariana/codenation/csharp-10/Source/Services/PasswordValidatorService.cs:line 23
   at IdentityServer4.Validation.TokenRequestValidator.ValidateResourceOwnerCredentialRequestAsync(NameValueCollection parameters) in C:\local\identity\server4\IdentityServer4\src\IdentityServer4\src\Validation\Default\TokenRequestValidator.cs:line 416
   at IdentityServer4.Validation.TokenRequestValidator.RunValidationAsync(Func`2 validationFunc, NameValueCollection parameters) in C:\local\identity\server4\IdentityServer4\src\IdentityServer4\src\Validation\Default\TokenRequestValidator.cs:line 151
   at IdentityServer4.Validation.TokenRequestValidator.ValidateRequestAsync(NameValueCollection parameters, ClientSecretValidationResult clientValidationResult) in C:\local\identity\server4\IdentityServer4\src\IdentityServer4\src\Validation\Default\TokenRequestValidator.cs:line 138
   at IdentityServer4.Endpoints.TokenEndpoint.ProcessTokenRequestAsync(HttpContext context) in C:\local\identity\server4\IdentityServer4\src\IdentityServer4\src\Endpoints\TokenEndpoint.cs:line 88
   at IdentityServer4.Endpoints.TokenEndpoint.ProcessAsync(HttpContext context) in C:\local\identity\server4\IdentityServer4\src\IdentityServer4\src\Endpoints\TokenEndpoint.cs:line 70
   at IdentityServer4.Hosting.IdentityServerMiddleware.Invoke(HttpContext context, IEndpointRouter router, IUserSession session, IEventService events) in C:\local\identity\server4\IdentityServer4\src\IdentityServer4\src\Hosting\IdentityServerMiddleware.cs:line 54
   at IdentityServer4.Hosting.IdentityServerMiddleware.Invoke(HttpContext context, IEndpointRouter router, IUserSession session, IEventService events) in C:\local\identity\server4\IdentityServer4\src\IdentityServer4\src\Hosting\IdentityServerMiddleware.cs:line 69
   at IdentityServer4.Hosting.MutualTlsTokenEndpointMiddleware.Invoke(HttpContext context, IAuthenticationSchemeProvider schemes) in C:\local\identity\server4\IdentityServer4\src\IdentityServer4\src\Hosting\MtlsTokenEndpointMiddleware.cs:line 60
   at Microsoft.AspNetCore.Authentication.AuthenticationMiddleware.Invoke(HttpContext context)
   at IdentityServer4.Hosting.BaseUrlMiddleware.Invoke(HttpContext context) in C:\local\identity\server4\IdentityServer4\src\IdentityServer4\src\Hosting\BaseUrlMiddleware.cs:line 36
   at Microsoft.AspNetCore.TestHost.HttpContextBuilder.&lt;&gt;c__DisplayClass10_0.&lt;&lt;SendAsync&gt;b__0&gt;d.MoveNext()
--- End of stack trace from previous location where exception was thrown ---
   at Microsoft.AspNetCore.TestHost.ClientHandler.SendAsync(HttpRequestMessage request, CancellationToken cancellationToken)
   at System.Net.Http.HttpClient.FinishSendAsyncBuffered(Task`1 sendTask, HttpRequestMessage request, CancellationTokenSource cts, Boolean disposeCts)</error>
    </testcase>
    <testcase classname="Codenation.Challenge.AuthenticationTest" name="Codenation.Challenge.AuthenticationTest.Should_Has_Authorize_Attribute_On_Controller(controller: &quot;CandidateController&quot;)" time="0.0120000" />
    <testcase classname="Codenation.Challenge.AuthenticationTest" name="Codenation.Challenge.AuthenticationTest.Should_Has_Authorize_Attribute_On_Controller(controller: &quot;AccelerationController&quot;)" time="0.0070000" />
    <testcase classname="Codenation.Challenge.AuthenticationTest" name="Codenation.Challenge.AuthenticationTest.Should_Has_Authorize_Attribute_On_Controller(controller: &quot;CompanyController&quot;)" time="0.0080000" />
    <testcase classname="Codenation.Challenge.AuthenticationTest" name="Codenation.Challenge.AuthenticationTest.Should_Has_Authorize_Attribute_On_Controller(controller: &quot;SubmissionController&quot;)" time="0.0100000" />
    <testcase classname="Codenation.Challenge.AuthenticationTest" name="Codenation.Challenge.AuthenticationTest.Should_Has_Authorize_Attribute_On_Controller(controller: &quot;UserController&quot;)" time="0.0070000" />
    <testcase classname="Codenation.Challenge.AuthenticationTest" name="Codenation.Challenge.AuthenticationTest.Should_User_Be_Authorized_On_Endpoint_With_Token(userId: 3, endpoint: &quot;/api/acceleration&quot;)" time="0.0360000">
      <error message="System.AggregateException : One or more errors occurred. (LocalDB is not supported on this platform.)&#xA;---- System.PlatformNotSupportedException : LocalDB is not supported on this platform.">   at System.Threading.Tasks.Task`1.GetResultCore(Boolean waitCompletionNotification)
   at Codenation.Challenge.AuthenticationTest.GetToken(String email, String password) in /home/mariana/codenation/csharp-10/Source.TestSubmission/AuthenticationTest.cs:line 60
   at Codenation.Challenge.AuthenticationTest.Should_User_Be_Authorized_On_Endpoint_With_Token(Int32 userId, String endpoint) in /home/mariana/codenation/csharp-10/Source.TestSubmission/AuthenticationTest.cs:line 132
----- Inner Stack Trace -----
   at System.Data.ProviderBase.DbConnectionPool.TryGetConnection(DbConnection owningObject, UInt32 waitForMultipleObjectsTimeout, Boolean allowCreate, Boolean onlyOneCheckConnection, DbConnectionOptions userOptions, DbConnectionInternal&amp; connection)
   at System.Data.ProviderBase.DbConnectionPool.TryGetConnection(DbConnection owningObject, TaskCompletionSource`1 retry, DbConnectionOptions userOptions, DbConnectionInternal&amp; connection)
   at System.Data.ProviderBase.DbConnectionFactory.TryGetConnection(DbConnection owningConnection, TaskCompletionSource`1 retry, DbConnectionOptions userOptions, DbConnectionInternal oldConnection, DbConnectionInternal&amp; connection)
   at System.Data.ProviderBase.DbConnectionInternal.TryOpenConnectionInternal(DbConnection outerConnection, DbConnectionFactory connectionFactory, TaskCompletionSource`1 retry, DbConnectionOptions userOptions)
   at System.Data.ProviderBase.DbConnectionClosed.TryOpenConnection(DbConnection outerConnection, DbConnectionFactory connectionFactory, TaskCompletionSource`1 retry, DbConnectionOptions userOptions)
   at System.Data.SqlClient.SqlConnection.TryOpen(TaskCompletionSource`1 retry)
   at System.Data.SqlClient.SqlConnection.OpenAsync(CancellationToken cancellationToken)
--- End of stack trace from previous location where exception was thrown ---
   at Microsoft.EntityFrameworkCore.Storage.RelationalConnection.OpenDbConnectionAsync(Boolean errorsExpected, CancellationToken cancellationToken)
   at Microsoft.EntityFrameworkCore.Storage.RelationalConnection.OpenAsync(CancellationToken cancellationToken, Boolean errorsExpected)
   at Microsoft.EntityFrameworkCore.Query.Internal.AsyncQueryingEnumerable`1.AsyncEnumerator.BufferlessMoveNext(DbContext _, Boolean buffer, CancellationToken cancellationToken)
   at Microsoft.EntityFrameworkCore.SqlServer.Storage.Internal.SqlServerExecutionStrategy.ExecuteAsync[TState,TResult](TState state, Func`4 operation, Func`4 verifySucceeded, CancellationToken cancellationToken)
   at Microsoft.EntityFrameworkCore.Query.Internal.AsyncQueryingEnumerable`1.AsyncEnumerator.MoveNext(CancellationToken cancellationToken)
   at System.Linq.AsyncEnumerable.FirstOrDefault_[TSource](IAsyncEnumerable`1 source, CancellationToken cancellationToken) in D:\a\1\s\Ix.NET\Source\System.Interactive.Async\First.cs:line 144
   at Microsoft.EntityFrameworkCore.Query.Internal.AsyncLinqOperatorProvider.TaskResultAsyncEnumerable`1.Enumerator.MoveNext(CancellationToken cancellationToken)
   at System.Linq.AsyncEnumerable.SelectEnumerableAsyncIterator`2.MoveNextCore(CancellationToken cancellationToken) in D:\a\1\s\Ix.NET\Source\System.Interactive.Async\Select.cs:line 106
   at System.Linq.AsyncEnumerable.AsyncIterator`1.MoveNext(CancellationToken cancellationToken) in D:\a\1\s\Ix.NET\Source\System.Interactive.Async\AsyncIterator.cs:line 98
   at Microsoft.EntityFrameworkCore.Query.Internal.AsyncLinqOperatorProvider.ExceptionInterceptor`1.EnumeratorExceptionInterceptor.MoveNext(CancellationToken cancellationToken)
   at Microsoft.EntityFrameworkCore.Query.Internal.QueryCompiler.ExecuteSingletonAsyncQuery[TResult](QueryContext queryContext, Func`2 compiledQuery, IDiagnosticsLogger`1 logger, Type contextType)
   at Codenation.Challenge.Services.PasswordValidatorService.ValidateAsync(ResourceOwnerPasswordValidationContext context) in /home/mariana/codenation/csharp-10/Source/Services/PasswordValidatorService.cs:line 23
   at IdentityServer4.Validation.TokenRequestValidator.ValidateResourceOwnerCredentialRequestAsync(NameValueCollection parameters) in C:\local\identity\server4\IdentityServer4\src\IdentityServer4\src\Validation\Default\TokenRequestValidator.cs:line 416
   at IdentityServer4.Validation.TokenRequestValidator.RunValidationAsync(Func`2 validationFunc, NameValueCollection parameters) in C:\local\identity\server4\IdentityServer4\src\IdentityServer4\src\Validation\Default\TokenRequestValidator.cs:line 151
   at IdentityServer4.Validation.TokenRequestValidator.ValidateRequestAsync(NameValueCollection parameters, ClientSecretValidationResult clientValidationResult) in C:\local\identity\server4\IdentityServer4\src\IdentityServer4\src\Validation\Default\TokenRequestValidator.cs:line 138
   at IdentityServer4.Endpoints.TokenEndpoint.ProcessTokenRequestAsync(HttpContext context) in C:\local\identity\server4\IdentityServer4\src\IdentityServer4\src\Endpoints\TokenEndpoint.cs:line 88
   at IdentityServer4.Endpoints.TokenEndpoint.ProcessAsync(HttpContext context) in C:\local\identity\server4\IdentityServer4\src\IdentityServer4\src\Endpoints\TokenEndpoint.cs:line 70
   at IdentityServer4.Hosting.IdentityServerMiddleware.Invoke(HttpContext context, IEndpointRouter router, IUserSession session, IEventService events) in C:\local\identity\server4\IdentityServer4\src\IdentityServer4\src\Hosting\IdentityServerMiddleware.cs:line 54
   at IdentityServer4.Hosting.IdentityServerMiddleware.Invoke(HttpContext context, IEndpointRouter router, IUserSession session, IEventService events) in C:\local\identity\server4\IdentityServer4\src\IdentityServer4\src\Hosting\IdentityServerMiddleware.cs:line 69
   at IdentityServer4.Hosting.MutualTlsTokenEndpointMiddleware.Invoke(HttpContext context, IAuthenticationSchemeProvider schemes) in C:\local\identity\server4\IdentityServer4\src\IdentityServer4\src\Hosting\MtlsTokenEndpointMiddleware.cs:line 60
   at Microsoft.AspNetCore.Authentication.AuthenticationMiddleware.Invoke(HttpContext context)
   at IdentityServer4.Hosting.BaseUrlMiddleware.Invoke(HttpContext context) in C:\local\identity\server4\IdentityServer4\src\IdentityServer4\src\Hosting\BaseUrlMiddleware.cs:line 36
   at Microsoft.AspNetCore.TestHost.HttpContextBuilder.&lt;&gt;c__DisplayClass10_0.&lt;&lt;SendAsync&gt;b__0&gt;d.MoveNext()
--- End of stack trace from previous location where exception was thrown ---
   at Microsoft.AspNetCore.TestHost.ClientHandler.SendAsync(HttpRequestMessage request, CancellationToken cancellationToken)
   at System.Net.Http.HttpClient.FinishSendAsyncBuffered(Task`1 sendTask, HttpRequestMessage request, CancellationTokenSource cts, Boolean disposeCts)</error>
    </testcase>
    <testcase classname="Codenation.Challenge.AuthenticationTest" name="Codenation.Challenge.AuthenticationTest.Should_User_Be_Authorized_On_Endpoint_With_Token(userId: 7, endpoint: &quot;/api/submission&quot;)" time="0.0400000">
      <error message="System.AggregateException : One or more errors occurred. (LocalDB is not supported on this platform.)&#xA;---- System.PlatformNotSupportedException : LocalDB is not supported on this platform.">   at System.Threading.Tasks.Task`1.GetResultCore(Boolean waitCompletionNotification)
   at Codenation.Challenge.AuthenticationTest.GetToken(String email, String password) in /home/mariana/codenation/csharp-10/Source.TestSubmission/AuthenticationTest.cs:line 60
   at Codenation.Challenge.AuthenticationTest.Should_User_Be_Authorized_On_Endpoint_With_Token(Int32 userId, String endpoint) in /home/mariana/codenation/csharp-10/Source.TestSubmission/AuthenticationTest.cs:line 132
----- Inner Stack Trace -----
   at System.Data.ProviderBase.DbConnectionPool.TryGetConnection(DbConnection owningObject, UInt32 waitForMultipleObjectsTimeout, Boolean allowCreate, Boolean onlyOneCheckConnection, DbConnectionOptions userOptions, DbConnectionInternal&amp; connection)
   at System.Data.ProviderBase.DbConnectionPool.TryGetConnection(DbConnection owningObject, TaskCompletionSource`1 retry, DbConnectionOptions userOptions, DbConnectionInternal&amp; connection)
   at System.Data.ProviderBase.DbConnectionFactory.TryGetConnection(DbConnection owningConnection, TaskCompletionSource`1 retry, DbConnectionOptions userOptions, DbConnectionInternal oldConnection, DbConnectionInternal&amp; connection)
   at System.Data.ProviderBase.DbConnectionInternal.TryOpenConnectionInternal(DbConnection outerConnection, DbConnectionFactory connectionFactory, TaskCompletionSource`1 retry, DbConnectionOptions userOptions)
   at System.Data.ProviderBase.DbConnectionClosed.TryOpenConnection(DbConnection outerConnection, DbConnectionFactory connectionFactory, TaskCompletionSource`1 retry, DbConnectionOptions userOptions)
   at System.Data.SqlClient.SqlConnection.TryOpen(TaskCompletionSource`1 retry)
   at System.Data.SqlClient.SqlConnection.OpenAsync(CancellationToken cancellationToken)
--- End of stack trace from previous location where exception was thrown ---
   at Microsoft.EntityFrameworkCore.Storage.RelationalConnection.OpenDbConnectionAsync(Boolean errorsExpected, CancellationToken cancellationToken)
   at Microsoft.EntityFrameworkCore.Storage.RelationalConnection.OpenAsync(CancellationToken cancellationToken, Boolean errorsExpected)
   at Microsoft.EntityFrameworkCore.Query.Internal.AsyncQueryingEnumerable`1.AsyncEnumerator.BufferlessMoveNext(DbContext _, Boolean buffer, CancellationToken cancellationToken)
   at Microsoft.EntityFrameworkCore.SqlServer.Storage.Internal.SqlServerExecutionStrategy.ExecuteAsync[TState,TResult](TState state, Func`4 operation, Func`4 verifySucceeded, CancellationToken cancellationToken)
   at Microsoft.EntityFrameworkCore.Query.Internal.AsyncQueryingEnumerable`1.AsyncEnumerator.MoveNext(CancellationToken cancellationToken)
   at System.Linq.AsyncEnumerable.FirstOrDefault_[TSource](IAsyncEnumerable`1 source, CancellationToken cancellationToken) in D:\a\1\s\Ix.NET\Source\System.Interactive.Async\First.cs:line 144
   at Microsoft.EntityFrameworkCore.Query.Internal.AsyncLinqOperatorProvider.TaskResultAsyncEnumerable`1.Enumerator.MoveNext(CancellationToken cancellationToken)
   at System.Linq.AsyncEnumerable.SelectEnumerableAsyncIterator`2.MoveNextCore(CancellationToken cancellationToken) in D:\a\1\s\Ix.NET\Source\System.Interactive.Async\Select.cs:line 106
   at System.Linq.AsyncEnumerable.AsyncIterator`1.MoveNext(CancellationToken cancellationToken) in D:\a\1\s\Ix.NET\Source\System.Interactive.Async\AsyncIterator.cs:line 98
   at Microsoft.EntityFrameworkCore.Query.Internal.AsyncLinqOperatorProvider.ExceptionInterceptor`1.EnumeratorExceptionInterceptor.MoveNext(CancellationToken cancellationToken)
   at Microsoft.EntityFrameworkCore.Query.Internal.QueryCompiler.ExecuteSingletonAsyncQuery[TResult](QueryContext queryContext, Func`2 compiledQuery, IDiagnosticsLogger`1 logger, Type contextType)
   at Codenation.Challenge.Services.PasswordValidatorService.ValidateAsync(ResourceOwnerPasswordValidationContext context) in /home/mariana/codenation/csharp-10/Source/Services/PasswordValidatorService.cs:line 23
   at IdentityServer4.Validation.TokenRequestValidator.ValidateResourceOwnerCredentialRequestAsync(NameValueCollection parameters) in C:\local\identity\server4\IdentityServer4\src\IdentityServer4\src\Validation\Default\TokenRequestValidator.cs:line 416
   at IdentityServer4.Validation.TokenRequestValidator.RunValidationAsync(Func`2 validationFunc, NameValueCollection parameters) in C:\local\identity\server4\IdentityServer4\src\IdentityServer4\src\Validation\Default\TokenRequestValidator.cs:line 151
   at IdentityServer4.Validation.TokenRequestValidator.ValidateRequestAsync(NameValueCollection parameters, ClientSecretValidationResult clientValidationResult) in C:\local\identity\server4\IdentityServer4\src\IdentityServer4\src\Validation\Default\TokenRequestValidator.cs:line 138
   at IdentityServer4.Endpoints.TokenEndpoint.ProcessTokenRequestAsync(HttpContext context) in C:\local\identity\server4\IdentityServer4\src\IdentityServer4\src\Endpoints\TokenEndpoint.cs:line 88
   at IdentityServer4.Endpoints.TokenEndpoint.ProcessAsync(HttpContext context) in C:\local\identity\server4\IdentityServer4\src\IdentityServer4\src\Endpoints\TokenEndpoint.cs:line 70
   at IdentityServer4.Hosting.IdentityServerMiddleware.Invoke(HttpContext context, IEndpointRouter router, IUserSession session, IEventService events) in C:\local\identity\server4\IdentityServer4\src\IdentityServer4\src\Hosting\IdentityServerMiddleware.cs:line 54
   at IdentityServer4.Hosting.IdentityServerMiddleware.Invoke(HttpContext context, IEndpointRouter router, IUserSession session, IEventService events) in C:\local\identity\server4\IdentityServer4\src\IdentityServer4\src\Hosting\IdentityServerMiddleware.cs:line 69
   at IdentityServer4.Hosting.MutualTlsTokenEndpointMiddleware.Invoke(HttpContext context, IAuthenticationSchemeProvider schemes) in C:\local\identity\server4\IdentityServer4\src\IdentityServer4\src\Hosting\MtlsTokenEndpointMiddleware.cs:line 60
   at Microsoft.AspNetCore.Authentication.AuthenticationMiddleware.Invoke(HttpContext context)
   at IdentityServer4.Hosting.BaseUrlMiddleware.Invoke(HttpContext context) in C:\local\identity\server4\IdentityServer4\src\IdentityServer4\src\Hosting\BaseUrlMiddleware.cs:line 36
   at Microsoft.AspNetCore.TestHost.HttpContextBuilder.&lt;&gt;c__DisplayClass10_0.&lt;&lt;SendAsync&gt;b__0&gt;d.MoveNext()
--- End of stack trace from previous location where exception was thrown ---
   at Microsoft.AspNetCore.TestHost.ClientHandler.SendAsync(HttpRequestMessage request, CancellationToken cancellationToken)
   at System.Net.Http.HttpClient.FinishSendAsyncBuffered(Task`1 sendTask, HttpRequestMessage request, CancellationTokenSource cts, Boolean disposeCts)</error>
    </testcase>
    <testcase classname="Codenation.Challenge.AuthenticationTest" name="Codenation.Challenge.AuthenticationTest.Should_User_Be_Authorized_On_Endpoint_With_Token(userId: 5, endpoint: &quot;/api/candidate&quot;)" time="0.0350000">
      <error message="System.AggregateException : One or more errors occurred. (LocalDB is not supported on this platform.)&#xA;---- System.PlatformNotSupportedException : LocalDB is not supported on this platform.">   at System.Threading.Tasks.Task`1.GetResultCore(Boolean waitCompletionNotification)
   at Codenation.Challenge.AuthenticationTest.GetToken(String email, String password) in /home/mariana/codenation/csharp-10/Source.TestSubmission/AuthenticationTest.cs:line 60
   at Codenation.Challenge.AuthenticationTest.Should_User_Be_Authorized_On_Endpoint_With_Token(Int32 userId, String endpoint) in /home/mariana/codenation/csharp-10/Source.TestSubmission/AuthenticationTest.cs:line 132
----- Inner Stack Trace -----
   at System.Data.ProviderBase.DbConnectionPool.TryGetConnection(DbConnection owningObject, UInt32 waitForMultipleObjectsTimeout, Boolean allowCreate, Boolean onlyOneCheckConnection, DbConnectionOptions userOptions, DbConnectionInternal&amp; connection)
   at System.Data.ProviderBase.DbConnectionPool.TryGetConnection(DbConnection owningObject, TaskCompletionSource`1 retry, DbConnectionOptions userOptions, DbConnectionInternal&amp; connection)
   at System.Data.ProviderBase.DbConnectionFactory.TryGetConnection(DbConnection owningConnection, TaskCompletionSource`1 retry, DbConnectionOptions userOptions, DbConnectionInternal oldConnection, DbConnectionInternal&amp; connection)
   at System.Data.ProviderBase.DbConnectionInternal.TryOpenConnectionInternal(DbConnection outerConnection, DbConnectionFactory connectionFactory, TaskCompletionSource`1 retry, DbConnectionOptions userOptions)
   at System.Data.ProviderBase.DbConnectionClosed.TryOpenConnection(DbConnection outerConnection, DbConnectionFactory connectionFactory, TaskCompletionSource`1 retry, DbConnectionOptions userOptions)
   at System.Data.SqlClient.SqlConnection.TryOpen(TaskCompletionSource`1 retry)
   at System.Data.SqlClient.SqlConnection.OpenAsync(CancellationToken cancellationToken)
--- End of stack trace from previous location where exception was thrown ---
   at Microsoft.EntityFrameworkCore.Storage.RelationalConnection.OpenDbConnectionAsync(Boolean errorsExpected, CancellationToken cancellationToken)
   at Microsoft.EntityFrameworkCore.Storage.RelationalConnection.OpenAsync(CancellationToken cancellationToken, Boolean errorsExpected)
   at Microsoft.EntityFrameworkCore.Query.Internal.AsyncQueryingEnumerable`1.AsyncEnumerator.BufferlessMoveNext(DbContext _, Boolean buffer, CancellationToken cancellationToken)
   at Microsoft.EntityFrameworkCore.SqlServer.Storage.Internal.SqlServerExecutionStrategy.ExecuteAsync[TState,TResult](TState state, Func`4 operation, Func`4 verifySucceeded, CancellationToken cancellationToken)
   at Microsoft.EntityFrameworkCore.Query.Internal.AsyncQueryingEnumerable`1.AsyncEnumerator.MoveNext(CancellationToken cancellationToken)
   at System.Linq.AsyncEnumerable.FirstOrDefault_[TSource](IAsyncEnumerable`1 source, CancellationToken cancellationToken) in D:\a\1\s\Ix.NET\Source\System.Interactive.Async\First.cs:line 144
   at Microsoft.EntityFrameworkCore.Query.Internal.AsyncLinqOperatorProvider.TaskResultAsyncEnumerable`1.Enumerator.MoveNext(CancellationToken cancellationToken)
   at System.Linq.AsyncEnumerable.SelectEnumerableAsyncIterator`2.MoveNextCore(CancellationToken cancellationToken) in D:\a\1\s\Ix.NET\Source\System.Interactive.Async\Select.cs:line 106
   at System.Linq.AsyncEnumerable.AsyncIterator`1.MoveNext(CancellationToken cancellationToken) in D:\a\1\s\Ix.NET\Source\System.Interactive.Async\AsyncIterator.cs:line 98
   at Microsoft.EntityFrameworkCore.Query.Internal.AsyncLinqOperatorProvider.ExceptionInterceptor`1.EnumeratorExceptionInterceptor.MoveNext(CancellationToken cancellationToken)
   at Microsoft.EntityFrameworkCore.Query.Internal.QueryCompiler.ExecuteSingletonAsyncQuery[TResult](QueryContext queryContext, Func`2 compiledQuery, IDiagnosticsLogger`1 logger, Type contextType)
   at Codenation.Challenge.Services.PasswordValidatorService.ValidateAsync(ResourceOwnerPasswordValidationContext context) in /home/mariana/codenation/csharp-10/Source/Services/PasswordValidatorService.cs:line 23
   at IdentityServer4.Validation.TokenRequestValidator.ValidateResourceOwnerCredentialRequestAsync(NameValueCollection parameters) in C:\local\identity\server4\IdentityServer4\src\IdentityServer4\src\Validation\Default\TokenRequestValidator.cs:line 416
   at IdentityServer4.Validation.TokenRequestValidator.RunValidationAsync(Func`2 validationFunc, NameValueCollection parameters) in C:\local\identity\server4\IdentityServer4\src\IdentityServer4\src\Validation\Default\TokenRequestValidator.cs:line 151
   at IdentityServer4.Validation.TokenRequestValidator.ValidateRequestAsync(NameValueCollection parameters, ClientSecretValidationResult clientValidationResult) in C:\local\identity\server4\IdentityServer4\src\IdentityServer4\src\Validation\Default\TokenRequestValidator.cs:line 138
   at IdentityServer4.Endpoints.TokenEndpoint.ProcessTokenRequestAsync(HttpContext context) in C:\local\identity\server4\IdentityServer4\src\IdentityServer4\src\Endpoints\TokenEndpoint.cs:line 88
   at IdentityServer4.Endpoints.TokenEndpoint.ProcessAsync(HttpContext context) in C:\local\identity\server4\IdentityServer4\src\IdentityServer4\src\Endpoints\TokenEndpoint.cs:line 70
   at IdentityServer4.Hosting.IdentityServerMiddleware.Invoke(HttpContext context, IEndpointRouter router, IUserSession session, IEventService events) in C:\local\identity\server4\IdentityServer4\src\IdentityServer4\src\Hosting\IdentityServerMiddleware.cs:line 54
   at IdentityServer4.Hosting.IdentityServerMiddleware.Invoke(HttpContext context, IEndpointRouter router, IUserSession session, IEventService events) in C:\local\identity\server4\IdentityServer4\src\IdentityServer4\src\Hosting\IdentityServerMiddleware.cs:line 69
   at IdentityServer4.Hosting.MutualTlsTokenEndpointMiddleware.Invoke(HttpContext context, IAuthenticationSchemeProvider schemes) in C:\local\identity\server4\IdentityServer4\src\IdentityServer4\src\Hosting\MtlsTokenEndpointMiddleware.cs:line 60
   at Microsoft.AspNetCore.Authentication.AuthenticationMiddleware.Invoke(HttpContext context)
   at IdentityServer4.Hosting.BaseUrlMiddleware.Invoke(HttpContext context) in C:\local\identity\server4\IdentityServer4\src\IdentityServer4\src\Hosting\BaseUrlMiddleware.cs:line 36
   at Microsoft.AspNetCore.TestHost.HttpContextBuilder.&lt;&gt;c__DisplayClass10_0.&lt;&lt;SendAsync&gt;b__0&gt;d.MoveNext()
--- End of stack trace from previous location where exception was thrown ---
   at Microsoft.AspNetCore.TestHost.ClientHandler.SendAsync(HttpRequestMessage request, CancellationToken cancellationToken)
   at System.Net.Http.HttpClient.FinishSendAsyncBuffered(Task`1 sendTask, HttpRequestMessage request, CancellationTokenSource cts, Boolean disposeCts)</error>
    </testcase>
    <testcase classname="Codenation.Challenge.AuthenticationTest" name="Codenation.Challenge.AuthenticationTest.Should_User_Be_Authorized_On_Endpoint_With_Token(userId: 1, endpoint: &quot;/api/company&quot;)" time="0.0380000">
      <error message="System.AggregateException : One or more errors occurred. (LocalDB is not supported on this platform.)&#xA;---- System.PlatformNotSupportedException : LocalDB is not supported on this platform.">   at System.Threading.Tasks.Task`1.GetResultCore(Boolean waitCompletionNotification)
   at Codenation.Challenge.AuthenticationTest.GetToken(String email, String password) in /home/mariana/codenation/csharp-10/Source.TestSubmission/AuthenticationTest.cs:line 60
   at Codenation.Challenge.AuthenticationTest.Should_User_Be_Authorized_On_Endpoint_With_Token(Int32 userId, String endpoint) in /home/mariana/codenation/csharp-10/Source.TestSubmission/AuthenticationTest.cs:line 132
----- Inner Stack Trace -----
   at System.Data.ProviderBase.DbConnectionPool.TryGetConnection(DbConnection owningObject, UInt32 waitForMultipleObjectsTimeout, Boolean allowCreate, Boolean onlyOneCheckConnection, DbConnectionOptions userOptions, DbConnectionInternal&amp; connection)
   at System.Data.ProviderBase.DbConnectionPool.TryGetConnection(DbConnection owningObject, TaskCompletionSource`1 retry, DbConnectionOptions userOptions, DbConnectionInternal&amp; connection)
   at System.Data.ProviderBase.DbConnectionFactory.TryGetConnection(DbConnection owningConnection, TaskCompletionSource`1 retry, DbConnectionOptions userOptions, DbConnectionInternal oldConnection, DbConnectionInternal&amp; connection)
   at System.Data.ProviderBase.DbConnectionInternal.TryOpenConnectionInternal(DbConnection outerConnection, DbConnectionFactory connectionFactory, TaskCompletionSource`1 retry, DbConnectionOptions userOptions)
   at System.Data.ProviderBase.DbConnectionClosed.TryOpenConnection(DbConnection outerConnection, DbConnectionFactory connectionFactory, TaskCompletionSource`1 retry, DbConnectionOptions userOptions)
   at System.Data.SqlClient.SqlConnection.TryOpen(TaskCompletionSource`1 retry)
   at System.Data.SqlClient.SqlConnection.OpenAsync(CancellationToken cancellationToken)
--- End of stack trace from previous location where exception was thrown ---
   at Microsoft.EntityFrameworkCore.Storage.RelationalConnection.OpenDbConnectionAsync(Boolean errorsExpected, CancellationToken cancellationToken)
   at Microsoft.EntityFrameworkCore.Storage.RelationalConnection.OpenAsync(CancellationToken cancellationToken, Boolean errorsExpected)
   at Microsoft.EntityFrameworkCore.Query.Internal.AsyncQueryingEnumerable`1.AsyncEnumerator.BufferlessMoveNext(DbContext _, Boolean buffer, CancellationToken cancellationToken)
   at Microsoft.EntityFrameworkCore.SqlServer.Storage.Internal.SqlServerExecutionStrategy.ExecuteAsync[TState,TResult](TState state, Func`4 operation, Func`4 verifySucceeded, CancellationToken cancellationToken)
   at Microsoft.EntityFrameworkCore.Query.Internal.AsyncQueryingEnumerable`1.AsyncEnumerator.MoveNext(CancellationToken cancellationToken)
   at System.Linq.AsyncEnumerable.FirstOrDefault_[TSource](IAsyncEnumerable`1 source, CancellationToken cancellationToken) in D:\a\1\s\Ix.NET\Source\System.Interactive.Async\First.cs:line 144
   at Microsoft.EntityFrameworkCore.Query.Internal.AsyncLinqOperatorProvider.TaskResultAsyncEnumerable`1.Enumerator.MoveNext(CancellationToken cancellationToken)
   at System.Linq.AsyncEnumerable.SelectEnumerableAsyncIterator`2.MoveNextCore(CancellationToken cancellationToken) in D:\a\1\s\Ix.NET\Source\System.Interactive.Async\Select.cs:line 106
   at System.Linq.AsyncEnumerable.AsyncIterator`1.MoveNext(CancellationToken cancellationToken) in D:\a\1\s\Ix.NET\Source\System.Interactive.Async\AsyncIterator.cs:line 98
   at Microsoft.EntityFrameworkCore.Query.Internal.AsyncLinqOperatorProvider.ExceptionInterceptor`1.EnumeratorExceptionInterceptor.MoveNext(CancellationToken cancellationToken)
   at Microsoft.EntityFrameworkCore.Query.Internal.QueryCompiler.ExecuteSingletonAsyncQuery[TResult](QueryContext queryContext, Func`2 compiledQuery, IDiagnosticsLogger`1 logger, Type contextType)
   at Codenation.Challenge.Services.PasswordValidatorService.ValidateAsync(ResourceOwnerPasswordValidationContext context) in /home/mariana/codenation/csharp-10/Source/Services/PasswordValidatorService.cs:line 23
   at IdentityServer4.Validation.TokenRequestValidator.ValidateResourceOwnerCredentialRequestAsync(NameValueCollection parameters) in C:\local\identity\server4\IdentityServer4\src\IdentityServer4\src\Validation\Default\TokenRequestValidator.cs:line 416
   at IdentityServer4.Validation.TokenRequestValidator.RunValidationAsync(Func`2 validationFunc, NameValueCollection parameters) in C:\local\identity\server4\IdentityServer4\src\IdentityServer4\src\Validation\Default\TokenRequestValidator.cs:line 151
   at IdentityServer4.Validation.TokenRequestValidator.ValidateRequestAsync(NameValueCollection parameters, ClientSecretValidationResult clientValidationResult) in C:\local\identity\server4\IdentityServer4\src\IdentityServer4\src\Validation\Default\TokenRequestValidator.cs:line 138
   at IdentityServer4.Endpoints.TokenEndpoint.ProcessTokenRequestAsync(HttpContext context) in C:\local\identity\server4\IdentityServer4\src\IdentityServer4\src\Endpoints\TokenEndpoint.cs:line 88
   at IdentityServer4.Endpoints.TokenEndpoint.ProcessAsync(HttpContext context) in C:\local\identity\server4\IdentityServer4\src\IdentityServer4\src\Endpoints\TokenEndpoint.cs:line 70
   at IdentityServer4.Hosting.IdentityServerMiddleware.Invoke(HttpContext context, IEndpointRouter router, IUserSession session, IEventService events) in C:\local\identity\server4\IdentityServer4\src\IdentityServer4\src\Hosting\IdentityServerMiddleware.cs:line 54
   at IdentityServer4.Hosting.IdentityServerMiddleware.Invoke(HttpContext context, IEndpointRouter router, IUserSession session, IEventService events) in C:\local\identity\server4\IdentityServer4\src\IdentityServer4\src\Hosting\IdentityServerMiddleware.cs:line 69
   at IdentityServer4.Hosting.MutualTlsTokenEndpointMiddleware.Invoke(HttpContext context, IAuthenticationSchemeProvider schemes) in C:\local\identity\server4\IdentityServer4\src\IdentityServer4\src\Hosting\MtlsTokenEndpointMiddleware.cs:line 60
   at Microsoft.AspNetCore.Authentication.AuthenticationMiddleware.Invoke(HttpContext context)
   at IdentityServer4.Hosting.BaseUrlMiddleware.Invoke(HttpContext context) in C:\local\identity\server4\IdentityServer4\src\IdentityServer4\src\Hosting\BaseUrlMiddleware.cs:line 36
   at Microsoft.AspNetCore.TestHost.HttpContextBuilder.&lt;&gt;c__DisplayClass10_0.&lt;&lt;SendAsync&gt;b__0&gt;d.MoveNext()
--- End of stack trace from previous location where exception was thrown ---
   at Microsoft.AspNetCore.TestHost.ClientHandler.SendAsync(HttpRequestMessage request, CancellationToken cancellationToken)
   at System.Net.Http.HttpClient.FinishSendAsyncBuffered(Task`1 sendTask, HttpRequestMessage request, CancellationTokenSource cts, Boolean disposeCts)</error>
    </testcase>
    <testcase classname="Codenation.Challenge.AuthenticationTest" name="Codenation.Challenge.AuthenticationTest.Should_Admin_Be_Authorized_On_Route_User" time="0.0360000">
      <error message="System.AggregateException : One or more errors occurred. (LocalDB is not supported on this platform.)&#xA;---- System.PlatformNotSupportedException : LocalDB is not supported on this platform.">   at System.Threading.Tasks.Task`1.GetResultCore(Boolean waitCompletionNotification)
   at Codenation.Challenge.AuthenticationTest.GetToken(String email, String password) in /home/mariana/codenation/csharp-10/Source.TestSubmission/AuthenticationTest.cs:line 60
   at Codenation.Challenge.AuthenticationTest.Should_Admin_Be_Authorized_On_Route_User() in /home/mariana/codenation/csharp-10/Source.TestSubmission/AuthenticationTest.cs:line 148
----- Inner Stack Trace -----
   at System.Data.ProviderBase.DbConnectionPool.TryGetConnection(DbConnection owningObject, UInt32 waitForMultipleObjectsTimeout, Boolean allowCreate, Boolean onlyOneCheckConnection, DbConnectionOptions userOptions, DbConnectionInternal&amp; connection)
   at System.Data.ProviderBase.DbConnectionPool.TryGetConnection(DbConnection owningObject, TaskCompletionSource`1 retry, DbConnectionOptions userOptions, DbConnectionInternal&amp; connection)
   at System.Data.ProviderBase.DbConnectionFactory.TryGetConnection(DbConnection owningConnection, TaskCompletionSource`1 retry, DbConnectionOptions userOptions, DbConnectionInternal oldConnection, DbConnectionInternal&amp; connection)
   at System.Data.ProviderBase.DbConnectionInternal.TryOpenConnectionInternal(DbConnection outerConnection, DbConnectionFactory connectionFactory, TaskCompletionSource`1 retry, DbConnectionOptions userOptions)
   at System.Data.ProviderBase.DbConnectionClosed.TryOpenConnection(DbConnection outerConnection, DbConnectionFactory connectionFactory, TaskCompletionSource`1 retry, DbConnectionOptions userOptions)
   at System.Data.SqlClient.SqlConnection.TryOpen(TaskCompletionSource`1 retry)
   at System.Data.SqlClient.SqlConnection.OpenAsync(CancellationToken cancellationToken)
--- End of stack trace from previous location where exception was thrown ---
   at Microsoft.EntityFrameworkCore.Storage.RelationalConnection.OpenDbConnectionAsync(Boolean errorsExpected, CancellationToken cancellationToken)
   at Microsoft.EntityFrameworkCore.Storage.RelationalConnection.OpenAsync(CancellationToken cancellationToken, Boolean errorsExpected)
   at Microsoft.EntityFrameworkCore.Query.Internal.AsyncQueryingEnumerable`1.AsyncEnumerator.BufferlessMoveNext(DbContext _, Boolean buffer, CancellationToken cancellationToken)
   at Microsoft.EntityFrameworkCore.SqlServer.Storage.Internal.SqlServerExecutionStrategy.ExecuteAsync[TState,TResult](TState state, Func`4 operation, Func`4 verifySucceeded, CancellationToken cancellationToken)
   at Microsoft.EntityFrameworkCore.Query.Internal.AsyncQueryingEnumerable`1.AsyncEnumerator.MoveNext(CancellationToken cancellationToken)
   at System.Linq.AsyncEnumerable.FirstOrDefault_[TSource](IAsyncEnumerable`1 source, CancellationToken cancellationToken) in D:\a\1\s\Ix.NET\Source\System.Interactive.Async\First.cs:line 144
   at Microsoft.EntityFrameworkCore.Query.Internal.AsyncLinqOperatorProvider.TaskResultAsyncEnumerable`1.Enumerator.MoveNext(CancellationToken cancellationToken)
   at System.Linq.AsyncEnumerable.SelectEnumerableAsyncIterator`2.MoveNextCore(CancellationToken cancellationToken) in D:\a\1\s\Ix.NET\Source\System.Interactive.Async\Select.cs:line 106
   at System.Linq.AsyncEnumerable.AsyncIterator`1.MoveNext(CancellationToken cancellationToken) in D:\a\1\s\Ix.NET\Source\System.Interactive.Async\AsyncIterator.cs:line 98
   at Microsoft.EntityFrameworkCore.Query.Internal.AsyncLinqOperatorProvider.ExceptionInterceptor`1.EnumeratorExceptionInterceptor.MoveNext(CancellationToken cancellationToken)
   at Microsoft.EntityFrameworkCore.Query.Internal.QueryCompiler.ExecuteSingletonAsyncQuery[TResult](QueryContext queryContext, Func`2 compiledQuery, IDiagnosticsLogger`1 logger, Type contextType)
   at Codenation.Challenge.Services.PasswordValidatorService.ValidateAsync(ResourceOwnerPasswordValidationContext context) in /home/mariana/codenation/csharp-10/Source/Services/PasswordValidatorService.cs:line 23
   at IdentityServer4.Validation.TokenRequestValidator.ValidateResourceOwnerCredentialRequestAsync(NameValueCollection parameters) in C:\local\identity\server4\IdentityServer4\src\IdentityServer4\src\Validation\Default\TokenRequestValidator.cs:line 416
   at IdentityServer4.Validation.TokenRequestValidator.RunValidationAsync(Func`2 validationFunc, NameValueCollection parameters) in C:\local\identity\server4\IdentityServer4\src\IdentityServer4\src\Validation\Default\TokenRequestValidator.cs:line 151
   at IdentityServer4.Validation.TokenRequestValidator.ValidateRequestAsync(NameValueCollection parameters, ClientSecretValidationResult clientValidationResult) in C:\local\identity\server4\IdentityServer4\src\IdentityServer4\src\Validation\Default\TokenRequestValidator.cs:line 138
   at IdentityServer4.Endpoints.TokenEndpoint.ProcessTokenRequestAsync(HttpContext context) in C:\local\identity\server4\IdentityServer4\src\IdentityServer4\src\Endpoints\TokenEndpoint.cs:line 88
   at IdentityServer4.Endpoints.TokenEndpoint.ProcessAsync(HttpContext context) in C:\local\identity\server4\IdentityServer4\src\IdentityServer4\src\Endpoints\TokenEndpoint.cs:line 70
   at IdentityServer4.Hosting.IdentityServerMiddleware.Invoke(HttpContext context, IEndpointRouter router, IUserSession session, IEventService events) in C:\local\identity\server4\IdentityServer4\src\IdentityServer4\src\Hosting\IdentityServerMiddleware.cs:line 54
   at IdentityServer4.Hosting.IdentityServerMiddleware.Invoke(HttpContext context, IEndpointRouter router, IUserSession session, IEventService events) in C:\local\identity\server4\IdentityServer4\src\IdentityServer4\src\Hosting\IdentityServerMiddleware.cs:line 69
   at IdentityServer4.Hosting.MutualTlsTokenEndpointMiddleware.Invoke(HttpContext context, IAuthenticationSchemeProvider schemes) in C:\local\identity\server4\IdentityServer4\src\IdentityServer4\src\Hosting\MtlsTokenEndpointMiddleware.cs:line 60
   at Microsoft.AspNetCore.Authentication.AuthenticationMiddleware.Invoke(HttpContext context)
   at IdentityServer4.Hosting.BaseUrlMiddleware.Invoke(HttpContext context) in C:\local\identity\server4\IdentityServer4\src\IdentityServer4\src\Hosting\BaseUrlMiddleware.cs:line 36
   at Microsoft.AspNetCore.TestHost.HttpContextBuilder.&lt;&gt;c__DisplayClass10_0.&lt;&lt;SendAsync&gt;b__0&gt;d.MoveNext()
--- End of stack trace from previous location where exception was thrown ---
   at Microsoft.AspNetCore.TestHost.ClientHandler.SendAsync(HttpRequestMessage request, CancellationToken cancellationToken)
   at System.Net.Http.HttpClient.FinishSendAsyncBuffered(Task`1 sendTask, HttpRequestMessage request, CancellationTokenSource cts, Boolean disposeCts)</error>
    </testcase>
    <testcase classname="Codenation.Challenge.AuthenticationTest" name="Codenation.Challenge.AuthenticationTest.Should_Route_Be_Not_Authorized_When_Call_With_No_Token(endpoint: &quot;/api/candidate&quot;)" time="0.1020000" />
    <testcase classname="Codenation.Challenge.AuthenticationTest" name="Codenation.Challenge.AuthenticationTest.Should_Route_Be_Not_Authorized_When_Call_With_No_Token(endpoint: &quot;/api/submission&quot;)" time="0.0110000" />
    <testcase classname="Codenation.Challenge.AuthenticationTest" name="Codenation.Challenge.AuthenticationTest.Should_Route_Be_Not_Authorized_When_Call_With_No_Token(endpoint: &quot;/api/acceleration&quot;)" time="0.0220000" />
    <testcase classname="Codenation.Challenge.AuthenticationTest" name="Codenation.Challenge.AuthenticationTest.Should_Route_Be_Not_Authorized_When_Call_With_No_Token(endpoint: &quot;/api/user&quot;)" time="0.0140000" />
    <testcase classname="Codenation.Challenge.AuthenticationTest" name="Codenation.Challenge.AuthenticationTest.Should_Route_Be_Not_Authorized_When_Call_With_No_Token(endpoint: &quot;/api/company&quot;)" time="0.0120000" />
    <testcase classname="Codenation.Challenge.AuthenticationTest" name="Codenation.Challenge.AuthenticationTest.Should_Be_Generate_A_Valid_Token(userId: 1)" time="0.0380000">
      <error message="System.AggregateException : One or more errors occurred. (LocalDB is not supported on this platform.)&#xA;---- System.PlatformNotSupportedException : LocalDB is not supported on this platform.">   at System.Threading.Tasks.Task`1.GetResultCore(Boolean waitCompletionNotification)
   at Codenation.Challenge.AuthenticationTest.GetToken(String email, String password) in /home/mariana/codenation/csharp-10/Source.TestSubmission/AuthenticationTest.cs:line 60
   at Codenation.Challenge.AuthenticationTest.Should_Be_Generate_A_Valid_Token(Int32 userId) in /home/mariana/codenation/csharp-10/Source.TestSubmission/AuthenticationTest.cs:line 113
----- Inner Stack Trace -----
   at System.Data.ProviderBase.DbConnectionPool.TryGetConnection(DbConnection owningObject, UInt32 waitForMultipleObjectsTimeout, Boolean allowCreate, Boolean onlyOneCheckConnection, DbConnectionOptions userOptions, DbConnectionInternal&amp; connection)
   at System.Data.ProviderBase.DbConnectionPool.TryGetConnection(DbConnection owningObject, TaskCompletionSource`1 retry, DbConnectionOptions userOptions, DbConnectionInternal&amp; connection)
   at System.Data.ProviderBase.DbConnectionFactory.TryGetConnection(DbConnection owningConnection, TaskCompletionSource`1 retry, DbConnectionOptions userOptions, DbConnectionInternal oldConnection, DbConnectionInternal&amp; connection)
   at System.Data.ProviderBase.DbConnectionInternal.TryOpenConnectionInternal(DbConnection outerConnection, DbConnectionFactory connectionFactory, TaskCompletionSource`1 retry, DbConnectionOptions userOptions)
   at System.Data.ProviderBase.DbConnectionClosed.TryOpenConnection(DbConnection outerConnection, DbConnectionFactory connectionFactory, TaskCompletionSource`1 retry, DbConnectionOptions userOptions)
   at System.Data.SqlClient.SqlConnection.TryOpen(TaskCompletionSource`1 retry)
   at System.Data.SqlClient.SqlConnection.OpenAsync(CancellationToken cancellationToken)
--- End of stack trace from previous location where exception was thrown ---
   at Microsoft.EntityFrameworkCore.Storage.RelationalConnection.OpenDbConnectionAsync(Boolean errorsExpected, CancellationToken cancellationToken)
   at Microsoft.EntityFrameworkCore.Storage.RelationalConnection.OpenAsync(CancellationToken cancellationToken, Boolean errorsExpected)
   at Microsoft.EntityFrameworkCore.Query.Internal.AsyncQueryingEnumerable`1.AsyncEnumerator.BufferlessMoveNext(DbContext _, Boolean buffer, CancellationToken cancellationToken)
   at Microsoft.EntityFrameworkCore.SqlServer.Storage.Internal.SqlServerExecutionStrategy.ExecuteAsync[TState,TResult](TState state, Func`4 operation, Func`4 verifySucceeded, CancellationToken cancellationToken)
   at Microsoft.EntityFrameworkCore.Query.Internal.AsyncQueryingEnumerable`1.AsyncEnumerator.MoveNext(CancellationToken cancellationToken)
   at System.Linq.AsyncEnumerable.FirstOrDefault_[TSource](IAsyncEnumerable`1 source, CancellationToken cancellationToken) in D:\a\1\s\Ix.NET\Source\System.Interactive.Async\First.cs:line 144
   at Microsoft.EntityFrameworkCore.Query.Internal.AsyncLinqOperatorProvider.TaskResultAsyncEnumerable`1.Enumerator.MoveNext(CancellationToken cancellationToken)
   at System.Linq.AsyncEnumerable.SelectEnumerableAsyncIterator`2.MoveNextCore(CancellationToken cancellationToken) in D:\a\1\s\Ix.NET\Source\System.Interactive.Async\Select.cs:line 106
   at System.Linq.AsyncEnumerable.AsyncIterator`1.MoveNext(CancellationToken cancellationToken) in D:\a\1\s\Ix.NET\Source\System.Interactive.Async\AsyncIterator.cs:line 98
   at Microsoft.EntityFrameworkCore.Query.Internal.AsyncLinqOperatorProvider.ExceptionInterceptor`1.EnumeratorExceptionInterceptor.MoveNext(CancellationToken cancellationToken)
   at Microsoft.EntityFrameworkCore.Query.Internal.QueryCompiler.ExecuteSingletonAsyncQuery[TResult](QueryContext queryContext, Func`2 compiledQuery, IDiagnosticsLogger`1 logger, Type contextType)
   at Codenation.Challenge.Services.PasswordValidatorService.ValidateAsync(ResourceOwnerPasswordValidationContext context) in /home/mariana/codenation/csharp-10/Source/Services/PasswordValidatorService.cs:line 23
   at IdentityServer4.Validation.TokenRequestValidator.ValidateResourceOwnerCredentialRequestAsync(NameValueCollection parameters) in C:\local\identity\server4\IdentityServer4\src\IdentityServer4\src\Validation\Default\TokenRequestValidator.cs:line 416
[...]
   at System.Data.ProviderBase.DbConnectionInternal.TryOpenConnectionInternal(DbConnection outerConnection, DbConnectionFactory connectionFactory, TaskCompletionSource`1 retry, DbConnectionOptions userOptions)
   at System.Data.ProviderBase.DbConnectionClosed.TryOpenConnection(DbConnection outerConnection, DbConnectionFactory connectionFactory, TaskCompletionSource`1 retry, DbConnectionOptions userOptions)
   at System.Data.SqlClient.SqlConnection.TryOpen(TaskCompletionSource`1 retry)
   at System.Data.SqlClient.SqlConnection.OpenAsync(CancellationToken cancellationToken)
--- End of stack trace from previous location where exception was thrown ---
   at Microsoft.EntityFrameworkCore.Storage.RelationalConnection.OpenDbConnectionAsync(Boolean errorsExpected, CancellationToken cancellationToken)
   at Microsoft.EntityFrameworkCore.Storage.RelationalConnection.OpenAsync(CancellationToken cancellationToken, Boolean errorsExpected)
   at Microsoft.EntityFrameworkCore.Query.Internal.AsyncQueryingEnumerable`1.AsyncEnumerator.BufferlessMoveNext(DbContext _, Boolean buffer, CancellationToken cancellationToken)
   at Microsoft.EntityFrameworkCore.SqlServer.Storage.Internal.SqlServerExecutionStrategy.ExecuteAsync[TState,TResult](TState state, Func`4 operation, Func`4 verifySucceeded, CancellationToken cancellationToken)
   at Microsoft.EntityFrameworkCore.Query.Internal.AsyncQueryingEnumerable`1.AsyncEnumerator.MoveNext(CancellationToken cancellationToken)
   at System.Linq.AsyncEnumerable.FirstOrDefault_[TSource](IAsyncEnumerable`1 source, CancellationToken cancellationToken) in D:\a\1\s\Ix.NET\Source\System.Interactive.Async\First.cs:line 144
   at Microsoft.EntityFrameworkCore.Query.Internal.AsyncLinqOperatorProvider.TaskResultAsyncEnumerable`1.Enumerator.MoveNext(CancellationToken cancellationToken)
   at System.Linq.AsyncEnumerable.SelectEnumerableAsyncIterator`2.MoveNextCore(CancellationToken cancellationToken) in D:\a\1\s\Ix.NET\Source\System.Interactive.Async\Select.cs:line 106
   at System.Linq.AsyncEnumerable.AsyncIterator`1.MoveNext(CancellationToken cancellationToken) in D:\a\1\s\Ix.NET\Source\System.Interactive.Async\AsyncIterator.cs:line 98
   at Microsoft.EntityFrameworkCore.Query.Internal.AsyncLinqOperatorProvider.ExceptionInterceptor`1.EnumeratorExceptionInterceptor.MoveNext(CancellationToken cancellationToken)
   at Microsoft.EntityFrameworkCore.Query.Internal.QueryCompiler.ExecuteSingletonAsyncQuery[TResult](QueryContext queryContext, Func`2 compiledQuery, IDiagnosticsLogger`1 logger, Type contextType)
   at Codenation.Challenge.Services.PasswordValidatorService.ValidateAsync(ResourceOwnerPasswordValidationContext context) in /home/mariana/codenation/csharp-10/Source/Services/PasswordValidatorService.cs:line 23
   at IdentityServer4.Validation.TokenRequestValidator.ValidateResourceOwnerCredentialRequestAsync(NameValueCollection parameters) in C:\local\identity\server4\IdentityServer4\src\IdentityServer4\src\Validation\Default\TokenRequestValidator.cs:line 416
   at IdentityServer4.Validation.TokenRequestValidator.RunValidationAsync(Func`2 validationFunc, NameValueCollection parameters) in C:\local\identity\server4\IdentityServer4\src\IdentityServer4\src\Validation\Default\TokenRequestValidator.cs:line 151
   at IdentityServer4.Validation.TokenRequestValidator.ValidateRequestAsync(NameValueCollection parameters, ClientSecretValidationResult clientValidationResult) in C:\local\identity\server4\IdentityServer4\src\IdentityServer4\src\Validation\Default\TokenRequestValidator.cs:line 138
   at IdentityServer4.Endpoints.TokenEndpoint.ProcessTokenRequestAsync(HttpContext context) in C:\local\identity\server4\IdentityServer4\src\IdentityServer4\src\Endpoints\TokenEndpoint.cs:line 88
   at IdentityServer4.Endpoints.TokenEndpoint.ProcessAsync(HttpContext context) in C:\local\identity\server4\IdentityServer4\src\IdentityServer4\src\Endpoints\TokenEndpoint.cs:line 70
   at IdentityServer4.Hosting.IdentityServerMiddleware.Invoke(HttpContext context, IEndpointRouter router, IUserSession session, IEventService events) in C:\local\identity\server4\IdentityServer4\src\IdentityServer4\src\Hosting\IdentityServerMiddleware.cs:line 54
   at IdentityServer4.Hosting.IdentityServerMiddleware.Invoke(HttpContext context, IEndpointRouter router, IUserSession session, IEventService events) in C:\local\identity\server4\IdentityServer4\src\IdentityServer4\src\Hosting\IdentityServerMiddleware.cs:line 69
   at IdentityServer4.Hosting.MutualTlsTokenEndpointMiddleware.Invoke(HttpContext context, IAuthenticationSchemeProvider schemes) in C:\local\identity\server4\IdentityServer4\src\IdentityServer4\src\Hosting\MtlsTokenEndpointMiddleware.cs:line 60
   at Microsoft.AspNetCore.Authentication.AuthenticationMiddleware.Invoke(HttpContext context)
   at IdentityServer4.Hosting.BaseUrlMiddleware.Invoke(HttpContext context) in C:\local\identity\server4\IdentityServer4\src\IdentityServer4\src\Hosting\BaseUrlMiddleware.cs:line 36
   at Microsoft.AspNetCore.TestHost.HttpContextBuilder.&lt;&gt;c__DisplayClass10_0.&lt;&lt;SendAsync&gt;b__0&gt;d.MoveNext()
--- End of stack trace from previous location where exception was thrown ---
   at Microsoft.AspNetCore.TestHost.ClientHandler.SendAsync(HttpRequestMessage request, CancellationToken cancellationToken)
   at System.Net.Http.HttpClient.FinishSendAsyncBuffered(Task`1 sendTask, HttpRequestMessage request, CancellationTokenSource cts, Boolean disposeCts)</error>
    </testcase>
    <testcase classname="Codenation.Challenge.AuthenticationTest" name="Codenation.Challenge.AuthenticationTest.Should_Be_Generate_A_Valid_Token(userId: 3)" time="0.0490000">
      <error message="System.AggregateException : One or more errors occurred. (LocalDB is not supported on this platform.)&#xA;---- System.PlatformNotSupportedException : LocalDB is not supported on this platform.">   at System.Threading.Tasks.Task`1.GetResultCore(Boolean waitCompletionNotification)
   at Codenation.Challenge.AuthenticationTest.GetToken(String email, String password) in /home/mariana/codenation/csharp-10/Source.TestSubmission/AuthenticationTest.cs:line 60
   at Codenation.Challenge.AuthenticationTest.Should_Be_Generate_A_Valid_Token(Int32 userId) in /home/mariana/codenation/csharp-10/Source.TestSubmission/AuthenticationTest.cs:line 113
----- Inner Stack Trace -----
   at System.Data.ProviderBase.DbConnectionPool.TryGetConnection(DbConnection owningObject, UInt32 waitForMultipleObjectsTimeout, Boolean allowCreate, Boolean onlyOneCheckConnection, DbConnectionOptions userOptions, DbConnectionInternal&amp; connection)
   at System.Data.ProviderBase.DbConnectionPool.TryGetConnection(DbConnection owningObject, TaskCompletionSource`1 retry, DbConnectionOptions userOptions, DbConnectionInternal&amp; connection)
   at System.Data.ProviderBase.DbConnectionFactory.TryGetConnection(DbConnection owningConnection, TaskCompletionSource`1 retry, DbConnectionOptions userOptions, DbConnectionInternal oldConnection, DbConnectionInternal&amp; connection)
   at System.Data.ProviderBase.DbConnectionInternal.TryOpenConnectionInternal(DbConnection outerConnection, DbConnectionFactory connectionFactory, TaskCompletionSource`1 retry, DbConnectionOptions userOptions)
   at System.Data.ProviderBase.DbConnectionClosed.TryOpenConnection(DbConnection outerConnection, DbConnectionFactory connectionFactory, TaskCompletionSource`1 retry, DbConnectionOptions userOptions)
   at System.Data.SqlClient.SqlConnection.TryOpen(TaskCompletionSource`1 retry)
   at System.Data.SqlClient.SqlConnection.OpenAsync(CancellationToken cancellationToken)
--- End of stack trace from previous location where exception was thrown ---
   at Microsoft.EntityFrameworkCore.Storage.RelationalConnection.OpenDbConnectionAsync(Boolean errorsExpected, CancellationToken cancellationToken)
   at Microsoft.EntityFrameworkCore.Storage.RelationalConnection.OpenAsync(CancellationToken cancellationToken, Boolean errorsExpected)
   at Microsoft.EntityFrameworkCore.Query.Internal.AsyncQueryingEnumerable`1.AsyncEnumerator.BufferlessMoveNext(DbContext _, Boolean buffer, CancellationToken cancellationToken)
   at Microsoft.EntityFrameworkCore.SqlServer.Storage.Internal.SqlServerExecutionStrategy.ExecuteAsync[TState,TResult](TState state, Func`4 operation, Func`4 verifySucceeded, CancellationToken cancellationToken)
   at Microsoft.EntityFrameworkCore.Query.Internal.AsyncQueryingEnumerable`1.AsyncEnumerator.MoveNext(CancellationToken cancellationToken)
   at System.Linq.AsyncEnumerable.FirstOrDefault_[TSource](IAsyncEnumerable`1 source, CancellationToken cancellationToken) in D:\a\1\s\Ix.NET\Source\System.Interactive.Async\First.cs:line 144
   at Microsoft.EntityFrameworkCore.Query.Internal.AsyncLinqOperatorProvider.TaskResultAsyncEnumerable`1.Enumerator.MoveNext(CancellationToken cancellationToken)
   at System.Linq.AsyncEnumerable.SelectEnumerableAsyncIterator`2.MoveNextCore(CancellationToken cancellationToken) in D:\a\1\s\Ix.NET\Source\System.Interactive.Async\Select.cs:line 106
   at System.Linq.AsyncEnumerable.AsyncIterator`1.MoveNext(CancellationToken cancellationToken) in D:\a\1\s\Ix.NET\Source\System.Interactive.Async\AsyncIterator.cs:line 98
   at Microsoft.EntityFrameworkCore.Query.Internal.AsyncLinqOperatorProvider.ExceptionInterceptor`1.EnumeratorExceptionInterceptor.MoveNext(CancellationToken cancellationToken)
   at Microsoft.EntityFrameworkCore.Query.Internal.QueryCompiler.ExecuteSingletonAsyncQuery[TResult](QueryContext queryContext, Func`2 compiledQuery, IDiagnosticsLogger`1 logger, Type contextType)
   at Codenation.Challenge.Services.PasswordValidatorService.ValidateAsync(ResourceOwnerPasswordValidationContext context) in /home/mariana/codenation/csharp-10/Source/Services/PasswordValidatorService.cs:line 23
   at IdentityServer4.Validation.TokenRequestValidator.ValidateResourceOwnerCredentialRequestAsync(NameValueCollection parameters) in C:\local\identity\server4\IdentityServer4\src\IdentityServer4\src\Validation\Default\TokenRequestValidator.cs:line 416
   at IdentityServer4.Validation.TokenRequestValidator.RunValidationAsync(Func`2 validationFunc, NameValueCollection parameters) in C:\local\identity\server4\IdentityServer4\src\IdentityServer4\src\Validation\Default\TokenRequestValidator.cs:line 151
   at IdentityServer4.Validation.TokenRequestValidator.ValidateRequestAsync(NameValueCollection parameters, ClientSecretValidationResult clientValidationResult) in C:\local\identity\server4\IdentityServer4\src\IdentityServer4\src\Validation\Default\TokenRequestValidator.cs:line 138
   at IdentityServer4.Endpoints.TokenEndpoint.ProcessTokenRequestAsync(HttpContext context) in C:\local\identity\server4\IdentityServer4\src\IdentityServer4\src\Endpoints\TokenEndpoint.cs:line 88
   at IdentityServer4.Endpoints.TokenEndpoint.ProcessAsync(HttpContext context) in C:\local\identity\server4\IdentityServer4\src\IdentityServer4\src\Endpoints\TokenEndpoint.cs:line 70
   at IdentityServer4.Hosting.IdentityServerMiddleware.Invoke(HttpContext context, IEndpointRouter router, IUserSession session, IEventService events) in C:\local\identity\server4\IdentityServer4\src\IdentityServer4\src\Hosting\IdentityServerMiddleware.cs:line 54
   at IdentityServer4.Hosting.IdentityServerMiddleware.Invoke(HttpContext context, IEndpointRouter router, IUserSession session, IEventService events) in C:\local\identity\server4\IdentityServer4\src\IdentityServer4\src\Hosting\IdentityServerMiddleware.cs:line 69
   at IdentityServer4.Hosting.MutualTlsTokenEndpointMiddleware.Invoke(HttpContext context, IAuthenticationSchemeProvider schemes) in C:\local\identity\server4\IdentityServer4\src\IdentityServer4\src\Hosting\MtlsTokenEndpointMiddleware.cs:line 60
   at Microsoft.AspNetCore.Authentication.AuthenticationMiddleware.Invoke(HttpContext context)
   at IdentityServer4.Hosting.BaseUrlMiddleware.Invoke(HttpContext context) in C:\local\identity\server4\IdentityServer4\src\IdentityServer4\src\Hosting\BaseUrlMiddleware.cs:line 36
   at Microsoft.AspNetCore.TestHost.HttpContextBuilder.&lt;&gt;c__DisplayClass10_0.&lt;&lt;SendAsync&gt;b__0&gt;d.MoveNext()
--- End of stack trace from previous location where exception was thrown ---
   at Microsoft.AspNetCore.TestHost.ClientHandler.SendAsync(HttpRequestMessage request, CancellationToken cancellationToken)
   at System.Net.Http.HttpClient.FinishSendAsyncBuffered(Task`1 sendTask, HttpRequestMessage request, CancellationTokenSource cts, Boolean disposeCts)</error>
    </testcase>
    <testcase classname="Codenation.Challenge.AuthenticationTest" name="Codenation.Challenge.AuthenticationTest.Should_Be_Generate_A_Valid_Token(userId: 9)" time="0.0550000">
      <error message="System.AggregateException : One or more errors occurred. (LocalDB is not supported on this platform.)&#xA;---- System.PlatformNotSupportedException : LocalDB is not supported on this platform.">   at System.Threading.Tasks.Task`1.GetResultCore(Boolean waitCompletionNotification)
   at Codenation.Challenge.AuthenticationTest.GetToken(String email, String password) in /home/mariana/codenation/csharp-10/Source.TestSubmission/AuthenticationTest.cs:line 60
   at Codenation.Challenge.AuthenticationTest.Should_Be_Generate_A_Valid_Token(Int32 userId) in /home/mariana/codenation/csharp-10/Source.TestSubmission/AuthenticationTest.cs:line 113
----- Inner Stack Trace -----
   at System.Data.ProviderBase.DbConnectionPool.TryGetConnection(DbConnection owningObject, UInt32 waitForMultipleObjectsTimeout, Boolean allowCreate, Boolean onlyOneCheckConnection, DbConnectionOptions userOptions, DbConnectionInternal&amp; connection)
   at System.Data.ProviderBase.DbConnectionPool.TryGetConnection(DbConnection owningObject, TaskCompletionSource`1 retry, DbConnectionOptions userOptions, DbConnectionInternal&amp; connection)
   at System.Data.ProviderBase.DbConnectionFactory.TryGetConnection(DbConnection owningConnection, TaskCompletionSource`1 retry, DbConnectionOptions userOptions, DbConnectionInternal oldConnection, DbConnectionInternal&amp; connection)
   at System.Data.ProviderBase.DbConnectionInternal.TryOpenConnectionInternal(DbConnection outerConnection, DbConnectionFactory connectionFactory, TaskCompletionSource`1 retry, DbConnectionOptions userOptions)
   at System.Data.ProviderBase.DbConnectionClosed.TryOpenConnection(DbConnection outerConnection, DbConnectionFactory connectionFactory, TaskCompletionSource`1 retry, DbConnectionOptions userOptions)
   at System.Data.SqlClient.SqlConnection.TryOpen(TaskCompletionSource`1 retry)
   at System.Data.SqlClient.SqlConnection.OpenAsync(CancellationToken cancellationToken)
--- End of stack trace from previous location where exception was thrown ---
   at Microsoft.EntityFrameworkCore.Storage.RelationalConnection.OpenDbConnectionAsync(Boolean errorsExpected, CancellationToken cancellationToken)
   at Microsoft.EntityFrameworkCore.Storage.RelationalConnection.OpenAsync(CancellationToken cancellationToken, Boolean errorsExpected)
   at Microsoft.EntityFrameworkCore.Query.Internal.AsyncQueryingEnumerable`1.AsyncEnumerator.BufferlessMoveNext(DbContext _, Boolean buffer, CancellationToken cancellationToken)
   at Microsoft.EntityFrameworkCore.SqlServer.Storage.Internal.SqlServerExecutionStrategy.ExecuteAsync[TState,TResult](TState state, Func`4 operation, Func`4 verifySucceeded, CancellationToken cancellationToken)
   at Microsoft.EntityFrameworkCore.Query.Internal.AsyncQueryingEnumerable`1.AsyncEnumerator.MoveNext(CancellationToken cancellationToken)
   at System.Linq.AsyncEnumerable.FirstOrDefault_[TSource](IAsyncEnumerable`1 source, CancellationToken cancellationToken) in D:\a\1\s\Ix.NET\Source\System.Interactive.Async\First.cs:line 144
   at Microsoft.EntityFrameworkCore.Query.Internal.AsyncLinqOperatorProvider.TaskResultAsyncEnumerable`1.Enumerator.MoveNext(CancellationToken cancellationToken)
   at System.Linq.AsyncEnumerable.SelectEnumerableAsyncIterator`2.MoveNextCore(CancellationToken cancellationToken) in D:\a\1\s\Ix.NET\Source\System.Interactive.Async\Select.cs:line 106
   at System.Linq.AsyncEnumerable.AsyncIterator`1.MoveNext(CancellationToken cancellationToken) in D:\a\1\s\Ix.NET\Source\System.Interactive.Async\AsyncIterator.cs:line 98
   at Microsoft.EntityFrameworkCore.Query.Internal.AsyncLinqOperatorProvider.ExceptionInterceptor`1.EnumeratorExceptionInterceptor.MoveNext(CancellationToken cancellationToken)
   at Microsoft.EntityFrameworkCore.Query.Internal.QueryCompiler.ExecuteSingletonAsyncQuery[TResult](QueryContext queryContext, Func`2 compiledQuery, IDiagnosticsLogger`1 logger, Type contextType)
   at Codenation.Challenge.Services.PasswordValidatorService.ValidateAsync(ResourceOwnerPasswordValidationContext context) in /home/mariana/codenation/csharp-10/Source/Services/PasswordValidatorService.cs:line 23
   at IdentityServer4.Validation.TokenRequestValidator.ValidateResourceOwnerCredentialRequestAsync(NameValueCollection parameters) in C:\local\identity\server4\IdentityServer4\src\IdentityServer4\src\Validation\Default\TokenRequestValidator.cs:line 416
   at IdentityServer4.Validation.TokenRequestValidator.RunValidationAsync(Func`2 validationFunc, NameValueCollection parameters) in C:\local\identity\server4\IdentityServer4\src\IdentityServer4\src\Validation\Default\TokenRequestValidator.cs:line 151
   at IdentityServer4.Validation.TokenRequestValidator.ValidateRequestAsync(NameValueCollection parameters, ClientSecretValidationResult clientValidationResult) in C:\local\identity\server4\IdentityServer4\src\IdentityServer4\src\Validation\Default\TokenRequestValidator.cs:line 138
   at IdentityServer4.Endpoints.TokenEndpoint.ProcessTokenRequestAsync(HttpContext context) in C:\local\identity\server4\IdentityServer4\src\IdentityServer4\src\Endpoints\TokenEndpoint.cs:line 88
   at IdentityServer4.Endpoints.TokenEndpoint.ProcessAsync(HttpContext context) in C:\local\identity\server4\IdentityServer4\src\IdentityServer4\src\Endpoints\TokenEndpoint.cs:line 70
   at IdentityServer4.Hosting.IdentityServerMiddleware.Invoke(HttpContext context, IEndpointRouter router, IUserSession session, IEventService events) in C:\local\identity\server4\IdentityServer4\src\IdentityServer4\src\Hosting\IdentityServerMiddleware.cs:line 54
   at IdentityServer4.Hosting.IdentityServerMiddleware.Invoke(HttpContext context, IEndpointRouter router, IUserSession session, IEventService events) in C:\local\identity\server4\IdentityServer4\src\IdentityServer4\src\Hosting\IdentityServerMiddleware.cs:line 69
   at IdentityServer4.Hosting.MutualTlsTokenEndpointMiddleware.Invoke(HttpContext context, IAuthenticationSchemeProvider schemes) in C:\local\identity\server4\IdentityServer4\src\IdentityServer4\src\Hosting\MtlsTokenEndpointMiddleware.cs:line 60
   at Microsoft.AspNetCore.Authentication.AuthenticationMiddleware.Invoke(HttpContext context)
   at IdentityServer4.Hosting.BaseUrlMiddleware.Invoke(HttpContext context) in C:\local\identity\server4\IdentityServer4\src\IdentityServer4\src\Hosting\BaseUrlMiddleware.cs:line 36
   at Microsoft.AspNetCore.TestHost.HttpContextBuilder.&lt;&gt;c__DisplayClass10_0.&lt;&lt;SendAsync&gt;b__0&gt;d.MoveNext()
--- End of stack trace from previous location where exception was thrown ---
   at Microsoft.AspNetCore.TestHost.ClientHandler.SendAsync(HttpRequestMessage request, CancellationToken cancellationToken)
   at System.Net.Http.HttpClient.FinishSendAsyncBuffered(Task`1 sendTask, HttpRequestMessage request, CancellationTokenSource cts, Boolean disposeCts)</error>
    </testcase>
    <testcase classname="Codenation.Challenge.AuthenticationTest" name="Codenation.Challenge.AuthenticationTest.Should_Challenge_Route_Be_Authorized_When_Call_With_No_Token" time="0.1930000" />
  </testsuite>
</testsuites>